================================================================================
                     Profiling Data for Job Initialization                      
================================================================================
         28446366 function calls (26832986 primitive calls) in 52.096 seconds

   Ordered by: internal time
   List reduced from 2360 to 25 due to restriction <25>

   ncalls  tottime  percall  cumtime  percall filename:lineno(function)
1287501/37   10.465    0.000   28.023    0.757 rules.py:443(fillRulesByAveragingUp)
  1287505    5.066    0.000    8.762    0.000 rules.py:419(getAllRules)
       50    4.632    0.093    4.673    0.093 {cPickle.dumps}
       48    4.288    0.089    4.359    0.091 {cPickle.loads}
  1090071    3.592    0.000    3.592    0.000 base.py:1230(getAllCombinations)
      258    2.801    0.011    2.838    0.011 context.py:1940(text_extents)
       96    2.412    0.025    2.412    0.025 {time.sleep}
  1287505    2.133    0.000    3.190    0.000 posixpath.py:82(split)
  1287505    1.926    0.000   10.893    0.000 rules.py:399(getRule)
     8193    1.555    0.000    1.920    0.000 adjlist.py:419(fromAdjacencyList)
6370424/6325817    1.364    0.000    1.439    0.000 {method 'join' of 'str' objects}
      130    1.061    0.008    3.768    0.029 base.py:189(load)
    73886    0.668    0.000    0.668    0.000 {method 'isSubgraphIsomorphic' of 'rmgpy.molecule.molecule.Molecule' objects}
      746    0.631    0.001    0.632    0.001 nodes.py:127(__init__)
  1291857    0.566    0.000    0.566    0.000 {method 'rfind' of 'str' objects}
5596744/5592788    0.452    0.000    0.454    0.000 {len}
97967/88917    0.442    0.000    1.433    0.000 base.py:889(matchNodeToStructure)
186202/6043    0.396    0.000    1.304    0.000 copy.py:145(deepcopy)
  1288087    0.368    0.000    0.368    0.000 {method 'rstrip' of 'str' objects}
    12799    0.350    0.000    0.369    0.000 rules.py:535(__getAverageKinetics)
     2085    0.340    0.000    0.340    0.000 {posix.remove}
      588    0.293    0.000    0.293    0.000 {method 'generateResonanceIsomers' of 'rmgpy.species.Species' objects}
31199/5569    0.276    0.000    1.236    0.000 copy.py:306(_reconstruct)
  1291417    0.235    0.000    0.235    0.000 {method 'lower' of 'str' objects}
31208/5584    0.211    0.000    1.047    0.000 copy.py:234(_deepcopy_tuple)


================================================================================
                         Profiling Data for Iteration 0                         
================================================================================
         366215 function calls (347212 primitive calls) in 0.714 seconds

   Ordered by: internal time
   List reduced from 1707 to 25 due to restriction <25>

   ncalls  tottime  percall  cumtime  percall filename:lineno(function)
        2    0.205    0.102    0.205    0.102 {matplotlib._png.write_png}
    53158    0.017    0.000    0.017    0.000 {isinstance}
     6390    0.015    0.000    0.015    0.000 {method 'match' of '_sre.SRE_Pattern' objects}
    12868    0.014    0.000    0.034    0.000 nodes.py:164(iter_child_nodes)
    28434    0.013    0.000    0.016    0.000 nodes.py:148(iter_fields)
       19    0.011    0.001    0.011    0.001 {open}
    27984    0.010    0.000    0.010    0.000 {getattr}
     1489    0.009    0.000    0.009    0.000 {method 'reduce' of 'numpy.ufunc' objects}
        8    0.009    0.001    0.009    0.001 {method 'close' of 'file' objects}
     1873    0.009    0.000    0.012    0.000 weakref.py:47(__init__)
     1704    0.009    0.000    0.028    0.000 lexer.py:597(tokeniter)
     2749    0.008    0.000    0.008    0.000 {numpy.core.multiarray.array}
      102    0.007    0.000    0.007    0.000 {method 'set_text' of 'matplotlib.ft2font.FT2Font' objects}
       42    0.007    0.000    0.008    0.000 {method 'draw_path' of 'matplotlib.backends._backend_agg.RendererAgg' objects}
   4662/2    0.006    0.000    0.084    0.042 visitor.py:34(visit)
     5425    0.006    0.000    0.006    0.000 __init__.py:888(__getitem__)
      738    0.006    0.000    0.015    0.000 path.py:212(_update_values)
       34    0.005    0.000    0.005    0.000 {method 'draw_text_image' of 'matplotlib.backends._backend_agg.RendererAgg' objects}
 3892/196    0.005    0.000    0.022    0.000 nodes.py:184(find_all)
 1200/280    0.004    0.000    0.016    0.000 visitor.py:58(generic_visit)
5257/4683    0.004    0.000    0.007    0.000 artist.py:256(stale)
      598    0.004    0.000    0.044    0.000 markers.py:184(_recache)
     1324    0.004    0.000    0.037    0.000 lexer.py:560(wrap)
     1873    0.004    0.000    0.016    0.000 transforms.py:86(__init__)
        2    0.004    0.002    0.004    0.002 {compile}


================================================================================
                     Profiling Data for Job Initialization                      
================================================================================
         1 function calls in 0.000 seconds

   Ordered by: internal time

   ncalls  tottime  percall  cumtime  percall filename:lineno(function)
        1    0.000    0.000    0.000    0.000 {method 'disable' of '_lsprof.Profiler' objects}


================================================================================
                         Profiling Data for Iteration 1                         
================================================================================
         441497 function calls (421287 primitive calls) in 0.870 seconds

   Ordered by: internal time
   List reduced from 1763 to 25 due to restriction <25>

   ncalls  tottime  percall  cumtime  percall filename:lineno(function)
        2    0.222    0.111    0.222    0.111 {matplotlib._png.write_png}
    60480    0.020    0.000    0.020    0.000 {isinstance}
     6390    0.015    0.000    0.015    0.000 {method 'match' of '_sre.SRE_Pattern' objects}
    12868    0.014    0.000    0.034    0.000 nodes.py:164(iter_child_nodes)
     2079    0.013    0.000    0.013    0.000 {method 'reduce' of 'numpy.ufunc' objects}
    28434    0.012    0.000    0.016    0.000 nodes.py:148(iter_fields)
        1    0.012    0.012    0.484    0.484 {method 'simulate' of 'rmgpy.solver.base.ReactionSystem' objects}
       19    0.011    0.001    0.011    0.001 {open}
    29122    0.011    0.000    0.011    0.000 {getattr}
        8    0.010    0.001    0.010    0.001 {method 'close' of 'file' objects}
     1881    0.009    0.000    0.013    0.000 weakref.py:47(__init__)
     1704    0.009    0.000    0.027    0.000 lexer.py:597(tokeniter)
     2968    0.009    0.000    0.009    0.000 {numpy.core.multiarray.array}
      119    0.009    0.000    0.015    0.000 adjlist.py:717(toAdjacencyList)
      387    0.008    0.000    0.021    0.000 base.py:1260(isMoleculeForbidden)
      138    0.007    0.000    0.007    0.000 {method 'set_text' of 'matplotlib.ft2font.FT2Font' objects}
     8776    0.007    0.000    0.007    0.000 {method 'format' of 'str' objects}
1663/1409    0.007    0.000    0.016    0.000 base.py:889(matchNodeToStructure)
       50    0.007    0.000    0.007    0.000 {method 'draw_path' of 'matplotlib.backends._backend_agg.RendererAgg' objects}
     5076    0.006    0.000    0.006    0.000 {method 'isSubgraphIsomorphic' of 'rmgpy.molecule.molecule.Molecule' objects}
     5798    0.006    0.000    0.006    0.000 __init__.py:888(__getitem__)
   4662/2    0.006    0.000    0.084    0.042 visitor.py:34(visit)
      759    0.006    0.000    0.015    0.000 path.py:212(_update_values)
        4    0.006    0.002    0.006    0.002 surfaces.py:576(write_to_png)
      746    0.006    0.000    0.007    0.000 nodes.py:127(__init__)


================================================================================
                     Profiling Data for Job Initialization                      
================================================================================
         1 function calls in 0.000 seconds

   Ordered by: internal time

   ncalls  tottime  percall  cumtime  percall filename:lineno(function)
        1    0.000    0.000    0.000    0.000 {method 'disable' of '_lsprof.Profiler' objects}


================================================================================
                         Profiling Data for Iteration 2                         
================================================================================
         421825 function calls (401828 primitive calls) in 0.827 seconds

   Ordered by: internal time
   List reduced from 1721 to 25 due to restriction <25>

   ncalls  tottime  percall  cumtime  percall filename:lineno(function)
        2    0.224    0.112    0.224    0.112 {matplotlib._png.write_png}
    56522    0.018    0.000    0.018    0.000 {isinstance}
    12868    0.014    0.000    0.034    0.000 nodes.py:164(iter_child_nodes)
     6390    0.014    0.000    0.014    0.000 {method 'match' of '_sre.SRE_Pattern' objects}
        1    0.014    0.014    0.499    0.499 {method 'simulate' of 'rmgpy.solver.base.ReactionSystem' objects}
     1950    0.013    0.000    0.013    0.000 {method 'reduce' of 'numpy.ufunc' objects}
    28434    0.012    0.000    0.016    0.000 nodes.py:148(iter_fields)
    29230    0.011    0.000    0.012    0.000 {getattr}
       19    0.011    0.001    0.011    0.001 {open}
        8    0.010    0.001    0.010    0.001 {method 'close' of 'file' objects}
      134    0.009    0.000    0.016    0.000 adjlist.py:717(toAdjacencyList)
     1934    0.009    0.000    0.013    0.000 weakref.py:47(__init__)
     2885    0.009    0.000    0.009    0.000 {numpy.core.multiarray.array}
     1704    0.009    0.000    0.027    0.000 lexer.py:597(tokeniter)
      152    0.008    0.000    0.008    0.000 {method 'set_text' of 'matplotlib.ft2font.FT2Font' objects}
     9310    0.007    0.000    0.008    0.000 {method 'format' of 'str' objects}
       54    0.007    0.000    0.008    0.000 {method 'draw_path' of 'matplotlib.backends._backend_agg.RendererAgg' objects}
     5990    0.007    0.000    0.007    0.000 __init__.py:888(__getitem__)
      256    0.007    0.000    0.016    0.000 base.py:1260(isMoleculeForbidden)
   4662/2    0.006    0.000    0.084    0.042 visitor.py:34(visit)
      781    0.006    0.000    0.015    0.000 path.py:212(_update_values)
5640/4958    0.005    0.000    0.008    0.000 artist.py:256(stale)
 3892/196    0.005    0.000    0.022    0.000 nodes.py:184(find_all)
       40    0.005    0.000    0.005    0.000 {method 'draw_text_image' of 'matplotlib.backends._backend_agg.RendererAgg' objects}
      627    0.004    0.000    0.044    0.000 markers.py:184(_recache)


================================================================================
                     Profiling Data for Job Initialization                      
================================================================================
         1 function calls in 0.000 seconds

   Ordered by: internal time

   ncalls  tottime  percall  cumtime  percall filename:lineno(function)
        1    0.000    0.000    0.000    0.000 {method 'disable' of '_lsprof.Profiler' objects}


================================================================================
                         Profiling Data for Iteration 3                         
================================================================================
         432948 function calls (411974 primitive calls) in 0.824 seconds

   Ordered by: internal time
   List reduced from 1630 to 25 due to restriction <25>

   ncalls  tottime  percall  cumtime  percall filename:lineno(function)
        2    0.225    0.113    0.225    0.113 {matplotlib._png.write_png}
    59239    0.019    0.000    0.019    0.000 {isinstance}
    12868    0.015    0.000    0.034    0.000 nodes.py:164(iter_child_nodes)
     6390    0.013    0.000    0.013    0.000 {method 'match' of '_sre.SRE_Pattern' objects}
    28434    0.012    0.000    0.016    0.000 nodes.py:148(iter_fields)
        1    0.012    0.012    0.495    0.495 {method 'simulate' of 'rmgpy.solver.base.ReactionSystem' objects}
     1802    0.011    0.000    0.011    0.000 {method 'reduce' of 'numpy.ufunc' objects}
       19    0.011    0.001    0.011    0.001 {open}
     1877    0.011    0.000    0.014    0.000 weakref.py:47(__init__)
    29759    0.011    0.000    0.012    0.000 {getattr}
      173    0.011    0.000    0.018    0.000 adjlist.py:717(toAdjacencyList)
        8    0.010    0.001    0.010    0.001 {method 'close' of 'file' objects}
      160    0.009    0.000    0.009    0.000 {method 'set_text' of 'matplotlib.ft2font.FT2Font' objects}
     1704    0.008    0.000    0.025    0.000 lexer.py:597(tokeniter)
    11065    0.008    0.000    0.008    0.000 {method 'format' of 'str' objects}
     2749    0.008    0.000    0.008    0.000 {numpy.core.multiarray.array}
       54    0.007    0.000    0.008    0.000 {method 'draw_path' of 'matplotlib.backends._backend_agg.RendererAgg' objects}
     5870    0.006    0.000    0.006    0.000 __init__.py:888(__getitem__)
   4662/2    0.006    0.000    0.085    0.042 visitor.py:34(visit)
      753    0.006    0.000    0.015    0.000 path.py:212(_update_values)
      255    0.005    0.000    0.013    0.000 base.py:1260(isMoleculeForbidden)
       38    0.005    0.000    0.005    0.000 {method 'draw_text_image' of 'matplotlib.backends._backend_agg.RendererAgg' objects}
 3892/196    0.005    0.000    0.022    0.000 nodes.py:184(find_all)
5480/4811    0.005    0.000    0.007    0.000 artist.py:256(stale)
 1200/280    0.004    0.000    0.016    0.000 visitor.py:58(generic_visit)


================================================================================
                     Profiling Data for Job Initialization                      
================================================================================
         1 function calls in 0.000 seconds

   Ordered by: internal time

   ncalls  tottime  percall  cumtime  percall filename:lineno(function)
        1    0.000    0.000    0.000    0.000 {method 'disable' of '_lsprof.Profiler' objects}


================================================================================
                         Profiling Data for Iteration 4                         
================================================================================
         612782 function calls (589654 primitive calls) in 1.115 seconds

   Ordered by: internal time
   List reduced from 1755 to 25 due to restriction <25>

   ncalls  tottime  percall  cumtime  percall filename:lineno(function)
        2    0.226    0.113    0.226    0.113 {matplotlib._png.write_png}
     1310    0.029    0.000    0.074    0.000 base.py:1260(isMoleculeForbidden)
    74266    0.025    0.000    0.025    0.000 {isinstance}
    16616    0.020    0.000    0.020    0.000 {method 'isSubgraphIsomorphic' of 'rmgpy.molecule.molecule.Molecule' objects}
      266    0.019    0.000    0.032    0.000 adjlist.py:717(toAdjacencyList)
3615/2791    0.016    0.000    0.039    0.000 base.py:889(matchNodeToStructure)
    19236    0.015    0.000    0.015    0.000 {method 'format' of 'str' objects}
    12868    0.015    0.000    0.034    0.000 nodes.py:164(iter_child_nodes)
     2107    0.014    0.000    0.014    0.000 {method 'reduce' of 'numpy.ufunc' objects}
     6390    0.013    0.000    0.013    0.000 {method 'match' of '_sre.SRE_Pattern' objects}
    28434    0.013    0.000    0.016    0.000 nodes.py:148(iter_fields)
        1    0.013    0.013    0.505    0.505 {method 'simulate' of 'rmgpy.solver.base.ReactionSystem' objects}
    31467    0.012    0.000    0.014    0.000 {getattr}
       19    0.012    0.001    0.012    0.001 {open}
        8    0.011    0.001    0.011    0.001 {method 'close' of 'file' objects}
    20056    0.010    0.000    0.010    0.000 {method 'getLabeledAtoms' of 'rmgpy.molecule.molecule.Molecule' objects}
      168    0.010    0.000    0.010    0.000 {method 'set_text' of 'matplotlib.ft2font.FT2Font' objects}
     1872    0.009    0.000    0.013    0.000 weakref.py:47(__init__)
    20985    0.009    0.000    0.009    0.000 {method 'getLabeledAtoms' of 'rmgpy.molecule.group.Group' objects}
     3013    0.009    0.000    0.009    0.000 {numpy.core.multiarray.array}
     1704    0.009    0.000    0.026    0.000 lexer.py:597(tokeniter)
     2468    0.008    0.000    0.008    0.000 {method 'findSubgraphIsomorphisms' of 'rmgpy.molecule.molecule.Molecule' objects}
     1325    0.008    0.000    0.013    0.000 collections.py:121(values)
      369    0.008    0.000    0.008    0.000 {method 'copy' of 'rmgpy.molecule.molecule.Molecule' objects}
        5    0.007    0.001    0.007    0.001 surfaces.py:576(write_to_png)


================================================================================
                     Profiling Data for Job Initialization                      
================================================================================
         1 function calls in 0.000 seconds

   Ordered by: internal time

   ncalls  tottime  percall  cumtime  percall filename:lineno(function)
        1    0.000    0.000    0.000    0.000 {method 'disable' of '_lsprof.Profiler' objects}


================================================================================
                         Profiling Data for Iteration 5                         
================================================================================
         488172 function calls (466343 primitive calls) in 0.944 seconds

   Ordered by: internal time
   List reduced from 1610 to 25 due to restriction <25>

   ncalls  tottime  percall  cumtime  percall filename:lineno(function)
        2    0.227    0.113    0.227    0.113 {matplotlib._png.write_png}
        1    0.023    0.023    0.561    0.561 {method 'simulate' of 'rmgpy.solver.base.ReactionSystem' objects}
    63059    0.020    0.000    0.021    0.000 {isinstance}
      267    0.019    0.000    0.033    0.000 adjlist.py:717(toAdjacencyList)
     2452    0.015    0.000    0.015    0.000 {method 'reduce' of 'numpy.ufunc' objects}
     6390    0.015    0.000    0.015    0.000 {method 'match' of '_sre.SRE_Pattern' objects}
    12868    0.015    0.000    0.034    0.000 nodes.py:164(iter_child_nodes)
    18948    0.014    0.000    0.014    0.000 {method 'format' of 'str' objects}
    28434    0.014    0.000    0.017    0.000 nodes.py:148(iter_fields)
    31248    0.012    0.000    0.013    0.000 {getattr}
      208    0.012    0.000    0.012    0.000 {method 'set_text' of 'matplotlib.ft2font.FT2Font' objects}
        8    0.011    0.001    0.011    0.001 {method 'close' of 'file' objects}
     2107    0.010    0.000    0.015    0.000 weakref.py:47(__init__)
       19    0.010    0.001    0.010    0.001 {open}
     3103    0.010    0.000    0.010    0.000 {numpy.core.multiarray.array}
     1704    0.009    0.000    0.028    0.000 lexer.py:597(tokeniter)
     6668    0.007    0.000    0.007    0.000 __init__.py:888(__getitem__)
       66    0.007    0.000    0.009    0.000 {method 'draw_path' of 'matplotlib.backends._backend_agg.RendererAgg' objects}
      847    0.007    0.000    0.017    0.000 path.py:212(_update_values)
   4662/2    0.006    0.000    0.086    0.043 visitor.py:34(visit)
       46    0.006    0.000    0.006    0.000 {method 'draw_text_image' of 'matplotlib.backends._backend_agg.RendererAgg' objects}
6066/5291    0.005    0.000    0.009    0.000 artist.py:256(stale)
      232    0.005    0.000    0.012    0.000 base.py:1260(isMoleculeForbidden)
      151    0.005    0.000    0.031    0.000 text.py:328(_get_layout)
      678    0.005    0.000    0.047    0.000 markers.py:184(_recache)


================================================================================
                     Profiling Data for Job Initialization                      
================================================================================
         1 function calls in 0.000 seconds

   Ordered by: internal time

   ncalls  tottime  percall  cumtime  percall filename:lineno(function)
        1    0.000    0.000    0.000    0.000 {method 'disable' of '_lsprof.Profiler' objects}


================================================================================
                         Profiling Data for Iteration 6                         
================================================================================
         826927 function calls (800256 primitive calls) in 1.543 seconds

   Ordered by: internal time
   List reduced from 1751 to 25 due to restriction <25>

   ncalls  tottime  percall  cumtime  percall filename:lineno(function)
        2    0.232    0.116    0.232    0.116 {matplotlib._png.write_png}
        1    0.059    0.059    0.667    0.667 {method 'simulate' of 'rmgpy.solver.base.ReactionSystem' objects}
    23997    0.045    0.000    0.045    0.000 {method 'isSubgraphIsomorphic' of 'rmgpy.molecule.molecule.Molecule' objects}
     1805    0.041    0.000    0.120    0.000 base.py:1260(isMoleculeForbidden)
      474    0.038    0.000    0.067    0.000 adjlist.py:717(toAdjacencyList)
    92306    0.033    0.000    0.033    0.000 {isinstance}
    41552    0.028    0.000    0.028    0.000 {method 'format' of 'str' objects}
6457/5195    0.028    0.000    0.070    0.000 base.py:889(matchNodeToStructure)
     4235    0.028    0.000    0.028    0.000 {method 'reduce' of 'numpy.ufunc' objects}
     3282    0.017    0.000    0.017    0.000 {method 'findSubgraphIsomorphisms' of 'rmgpy.molecule.molecule.Molecule' objects}
    30377    0.015    0.000    0.015    0.000 {method 'getLabeledAtoms' of 'rmgpy.molecule.group.Group' objects}
    28726    0.015    0.000    0.015    0.000 {method 'getLabeledAtoms' of 'rmgpy.molecule.molecule.Molecule' objects}
    12868    0.015    0.000    0.034    0.000 nodes.py:164(iter_child_nodes)
    34771    0.014    0.000    0.016    0.000 {getattr}
      228    0.014    0.000    0.014    0.000 {method 'set_text' of 'matplotlib.ft2font.FT2Font' objects}
     6390    0.014    0.000    0.014    0.000 {method 'match' of '_sre.SRE_Pattern' objects}
        8    0.013    0.002    0.013    0.002 {method 'close' of 'file' objects}
      474    0.013    0.000    0.013    0.000 {method 'copy' of 'rmgpy.molecule.molecule.Molecule' objects}
     3710    0.013    0.000    0.013    0.000 {numpy.core.multiarray.array}
     2250    0.012    0.000    0.017    0.000 weakref.py:47(__init__)
    28434    0.012    0.000    0.016    0.000 nodes.py:148(iter_fields)
        1    0.012    0.012    0.012    0.012 {method 'writerows' of '_csv.writer' objects}
     1842    0.012    0.000    0.018    0.000 collections.py:121(values)
        7    0.012    0.002    0.012    0.002 surfaces.py:576(write_to_png)
       19    0.011    0.001    0.011    0.001 {open}


================================================================================
                     Profiling Data for Job Initialization                      
================================================================================
         1 function calls in 0.000 seconds

   Ordered by: internal time

   ncalls  tottime  percall  cumtime  percall filename:lineno(function)
        1    0.000    0.000    0.000    0.000 {method 'disable' of '_lsprof.Profiler' objects}


================================================================================
                         Profiling Data for Iteration 7                         
================================================================================
         839183 function calls (812765 primitive calls) in 1.552 seconds

   Ordered by: internal time
   List reduced from 1752 to 25 due to restriction <25>

   ncalls  tottime  percall  cumtime  percall filename:lineno(function)
        2    0.232    0.116    0.232    0.116 {matplotlib._png.write_png}
        1    0.081    0.081    0.707    0.707 {method 'simulate' of 'rmgpy.solver.base.ReactionSystem' objects}
      641    0.052    0.000    0.090    0.000 adjlist.py:717(toAdjacencyList)
     1773    0.037    0.000    0.099    0.000 base.py:1260(isMoleculeForbidden)
    54324    0.035    0.000    0.036    0.000 {method 'format' of 'str' objects}
    88462    0.031    0.000    0.032    0.000 {isinstance}
     4781    0.031    0.000    0.031    0.000 {method 'reduce' of 'numpy.ufunc' objects}
    20990    0.025    0.000    0.025    0.000 {method 'isSubgraphIsomorphic' of 'rmgpy.molecule.molecule.Molecule' objects}
4539/3332    0.018    0.000    0.043    0.000 base.py:889(matchNodeToStructure)
        8    0.017    0.002    0.017    0.002 {method 'close' of 'file' objects}
    36534    0.016    0.000    0.017    0.000 {getattr}
      240    0.015    0.000    0.015    0.000 {method 'set_text' of 'matplotlib.ft2font.FT2Font' objects}
     6390    0.015    0.000    0.015    0.000 {method 'match' of '_sre.SRE_Pattern' objects}
    12868    0.014    0.000    0.034    0.000 nodes.py:164(iter_child_nodes)
     3663    0.013    0.000    0.013    0.000 {numpy.core.multiarray.array}
        1    0.013    0.013    0.013    0.013 {method 'writerows' of '_csv.writer' objects}
    28434    0.012    0.000    0.016    0.000 nodes.py:148(iter_fields)
     2219    0.012    0.000    0.016    0.000 weakref.py:47(__init__)
    25135    0.012    0.000    0.012    0.000 {method 'getLabeledAtoms' of 'rmgpy.molecule.molecule.Molecule' objects}
    26831    0.011    0.000    0.011    0.000 {method 'getLabeledAtoms' of 'rmgpy.molecule.group.Group' objects}
     1801    0.011    0.000    0.017    0.000 collections.py:121(values)
       19    0.011    0.001    0.011    0.001 {open}
       40    0.011    0.000    0.011    0.000 {method 'toSMILES' of 'rmgpy.molecule.molecule.Molecule' objects}
     5421    0.011    0.000    0.034    0.000 numeric.py:79(zeros_like)
     6265    0.010    0.000    0.010    0.000 {numpy.core.multiarray.zeros}


================================================================================
                     Profiling Data for Job Initialization                      
================================================================================
         1 function calls in 0.000 seconds

   Ordered by: internal time

   ncalls  tottime  percall  cumtime  percall filename:lineno(function)
        1    0.000    0.000    0.000    0.000 {method 'disable' of '_lsprof.Profiler' objects}


================================================================================
                         Profiling Data for Iteration 8                         
================================================================================
         867490 function calls (840215 primitive calls) in 1.525 seconds

   Ordered by: internal time
   List reduced from 1752 to 25 due to restriction <25>

   ncalls  tottime  percall  cumtime  percall filename:lineno(function)
        2    0.232    0.116    0.232    0.116 {matplotlib._png.write_png}
      778    0.060    0.000    0.107    0.000 adjlist.py:717(toAdjacencyList)
        1    0.044    0.044    0.636    0.636 {method 'simulate' of 'rmgpy.solver.base.ReactionSystem' objects}
    64716    0.044    0.000    0.044    0.000 {method 'format' of 'str' objects}
     1592    0.035    0.000    0.089    0.000 base.py:1260(isMoleculeForbidden)
    91290    0.032    0.000    0.032    0.000 {isinstance}
     3648    0.024    0.000    0.024    0.000 {method 'reduce' of 'numpy.ufunc' objects}
    19813    0.021    0.000    0.021    0.000 {method 'isSubgraphIsomorphic' of 'rmgpy.molecule.molecule.Molecule' objects}
4921/3553    0.020    0.000    0.046    0.000 base.py:889(matchNodeToStructure)
    38291    0.017    0.000    0.018    0.000 {getattr}
      252    0.016    0.000    0.016    0.000 {method 'set_text' of 'matplotlib.ft2font.FT2Font' objects}
        8    0.015    0.002    0.015    0.002 {method 'close' of 'file' objects}
     6390    0.014    0.000    0.014    0.000 {method 'match' of '_sre.SRE_Pattern' objects}
    12868    0.014    0.000    0.034    0.000 nodes.py:164(iter_child_nodes)
    28434    0.012    0.000    0.016    0.000 nodes.py:148(iter_fields)
     3722    0.012    0.000    0.012    0.000 {numpy.core.multiarray.array}
        7    0.012    0.002    0.012    0.002 surfaces.py:576(write_to_png)
       48    0.012    0.000    0.012    0.000 {method 'toSMILES' of 'rmgpy.molecule.molecule.Molecule' objects}
    24265    0.011    0.000    0.011    0.000 {method 'getLabeledAtoms' of 'rmgpy.molecule.molecule.Molecule' objects}
     2218    0.011    0.000    0.015    0.000 weakref.py:47(__init__)
    25983    0.010    0.000    0.010    0.000 {method 'getLabeledAtoms' of 'rmgpy.molecule.group.Group' objects}
       19    0.010    0.001    0.010    0.001 {open}
     1614    0.010    0.000    0.016    0.000 collections.py:121(values)
     3138    0.010    0.000    0.035    0.000 chemkin.py:1262(getSpeciesIdentifier)
        1    0.010    0.010    0.010    0.010 {method 'writerows' of '_csv.writer' objects}


================================================================================
                     Profiling Data for Job Initialization                      
================================================================================
         1 function calls in 0.000 seconds

   Ordered by: internal time

   ncalls  tottime  percall  cumtime  percall filename:lineno(function)
        1    0.000    0.000    0.000    0.000 {method 'disable' of '_lsprof.Profiler' objects}


================================================================================
                         Profiling Data for Iteration 9                         
================================================================================
         1238539 function calls (1206587 primitive calls) in 2.190 seconds

   Ordered by: internal time
   List reduced from 1754 to 25 due to restriction <25>

   ncalls  tottime  percall  cumtime  percall filename:lineno(function)
        2    0.239    0.119    0.239    0.119 {matplotlib._png.write_png}
        1    0.098    0.098    0.771    0.771 {method 'simulate' of 'rmgpy.solver.base.ReactionSystem' objects}
     1137    0.091    0.000    0.159    0.000 adjlist.py:717(toAdjacencyList)
     3365    0.075    0.000    0.215    0.000 base.py:1260(isMoleculeForbidden)
    42069    0.069    0.000    0.069    0.000 {method 'isSubgraphIsomorphic' of 'rmgpy.molecule.molecule.Molecule' objects}
    99070    0.063    0.000    0.064    0.000 {method 'format' of 'str' objects}
   119170    0.044    0.000    0.044    0.000 {isinstance}
10160/7899    0.041    0.000    0.098    0.000 base.py:889(matchNodeToStructure)
     5815    0.038    0.000    0.038    0.000 {method 'reduce' of 'numpy.ufunc' objects}
    50277    0.026    0.000    0.026    0.000 {method 'getLabeledAtoms' of 'rmgpy.molecule.molecule.Molecule' objects}
    53734    0.023    0.000    0.023    0.000 {method 'getLabeledAtoms' of 'rmgpy.molecule.group.Group' objects}
     3433    0.022    0.000    0.034    0.000 collections.py:121(values)
       12    0.020    0.002    0.020    0.002 surfaces.py:576(write_to_png)
    43307    0.020    0.000    0.022    0.000 {getattr}
     4570    0.019    0.000    0.019    0.000 {method 'findSubgraphIsomorphisms' of 'rmgpy.molecule.molecule.Molecule' objects}
      887    0.019    0.000    0.019    0.000 {method 'copy' of 'rmgpy.molecule.molecule.Molecule' objects}
    38209    0.019    0.000    0.019    0.000 {method 'isMappingValid' of 'rmgpy.molecule.graph.Graph' objects}
       65    0.018    0.000    0.018    0.000 {method 'toSMILES' of 'rmgpy.molecule.molecule.Molecule' objects}
        8    0.018    0.002    0.018    0.002 {method 'close' of 'file' objects}
      855    0.017    0.000    0.017    0.000 {method 'update' of 'rmgpy.molecule.molecule.Molecule' objects}
      276    0.017    0.000    0.017    0.000 {method 'set_text' of 'matplotlib.ft2font.FT2Font' objects}
        1    0.016    0.016    0.016    0.016 {method 'writerows' of '_csv.writer' objects}
     4228    0.016    0.000    0.016    0.000 {numpy.core.multiarray.array}
     1700    0.015    0.000    0.236    0.000 family.py:1226(isMoleculeForbidden)
     6390    0.015    0.000    0.015    0.000 {method 'match' of '_sre.SRE_Pattern' objects}


================================================================================
                     Profiling Data for Job Initialization                      
================================================================================
         1 function calls in 0.000 seconds

   Ordered by: internal time

   ncalls  tottime  percall  cumtime  percall filename:lineno(function)
        1    0.000    0.000    0.000    0.000 {method 'disable' of '_lsprof.Profiler' objects}


================================================================================
                        Profiling Data for Iteration 10                         
================================================================================
         2390850 function calls (2346736 primitive calls) in 4.176 seconds

   Ordered by: internal time
   List reduced from 1770 to 25 due to restriction <25>

   ncalls  tottime  percall  cumtime  percall filename:lineno(function)
   108937    0.287    0.000    0.287    0.000 {method 'isSubgraphIsomorphic' of 'rmgpy.molecule.molecule.Molecule' objects}
        2    0.236    0.118    0.236    0.118 {matplotlib._png.write_png}
     1968    0.190    0.000    0.333    0.000 adjlist.py:717(toAdjacencyList)
     7737    0.176    0.000    0.537    0.000 base.py:1260(isMoleculeForbidden)
37689/31803    0.157    0.000    0.434    0.000 base.py:889(matchNodeToStructure)
   209007    0.128    0.000    0.129    0.000 {method 'format' of 'str' objects}
        1    0.101    0.101    0.773    0.773 {method 'simulate' of 'rmgpy.solver.base.ReactionSystem' objects}
   234963    0.089    0.000    0.090    0.000 {isinstance}
       37    0.081    0.002    0.081    0.002 surfaces.py:576(write_to_png)
   130531    0.078    0.000    0.078    0.000 {method 'getLabeledAtoms' of 'rmgpy.molecule.molecule.Molecule' objects}
       39    0.063    0.002    0.063    0.002 {method 'getSymmetryNumber' of 'rmgpy.molecule.molecule.Molecule' objects}
   140228    0.061    0.000    0.061    0.000 {method 'getLabeledAtoms' of 'rmgpy.molecule.group.Group' objects}
     2112    0.057    0.000    0.057    0.000 {method 'copy' of 'rmgpy.molecule.molecule.Molecule' objects}
      127    0.052    0.000    0.052    0.000 {method 'toSMILES' of 'rmgpy.molecule.molecule.Molecule' objects}
     7453    0.051    0.000    0.051    0.000 {method 'reduce' of 'numpy.ufunc' objects}
     7871    0.049    0.000    0.078    0.000 collections.py:121(values)
     2017    0.048    0.000    0.048    0.000 {method 'update' of 'rmgpy.molecule.molecule.Molecule' objects}
    89735    0.042    0.000    0.042    0.000 {method 'isMappingValid' of 'rmgpy.molecule.graph.Graph' objects}
      556    0.038    0.000    0.104    0.000 {rmgpy.thermo.wilhoit.Wilhoit_to_NASA_TintOpt_objFun}
     5768    0.038    0.000    0.038    0.000 {method 'findSubgraphIsomorphisms' of 'rmgpy.molecule.molecule.Molecule' objects}
     9236    0.035    0.000    0.035    0.000 {method 'isIsomorphic' of 'rmgpy.molecule.molecule.Molecule' objects}
     3955    0.035    0.000    0.585    0.000 family.py:1226(isMoleculeForbidden)
      433    0.035    0.000    0.035    0.000 {method 'generateResonanceIsomers' of 'rmgpy.molecule.molecule.Molecule' objects}
        8    0.034    0.004    0.034    0.004 {method 'close' of 'file' objects}
4629/1622    0.032    0.000    0.468    0.000 base.py:970(descendTree)


================================================================================
                     Profiling Data for Job Initialization                      
================================================================================
         1 function calls in 0.000 seconds

   Ordered by: internal time

   ncalls  tottime  percall  cumtime  percall filename:lineno(function)
        1    0.000    0.000    0.000    0.000 {method 'disable' of '_lsprof.Profiler' objects}


================================================================================
                        Profiling Data for Iteration 11                         
================================================================================
         1866435 function calls (1831051 primitive calls) in 3.231 seconds

   Ordered by: internal time
   List reduced from 1766 to 25 due to restriction <25>

   ncalls  tottime  percall  cumtime  percall filename:lineno(function)
        2    0.250    0.125    0.250    0.125 {matplotlib._png.write_png}
     2413    0.239    0.000    0.422    0.000 adjlist.py:717(toAdjacencyList)
    57768    0.179    0.000    0.179    0.000 {method 'isSubgraphIsomorphic' of 'rmgpy.molecule.molecule.Molecule' objects}
   263540    0.154    0.000    0.154    0.000 {method 'format' of 'str' objects}
     4154    0.099    0.000    0.321    0.000 base.py:1260(isMoleculeForbidden)
        1    0.091    0.091    0.770    0.770 {method 'simulate' of 'rmgpy.solver.base.ReactionSystem' objects}
18069/15413    0.075    0.000    0.222    0.000 base.py:889(matchNodeToStructure)
   159435    0.060    0.000    0.061    0.000 {isinstance}
      126    0.049    0.000    0.049    0.000 {method 'toSMILES' of 'rmgpy.molecule.molecule.Molecule' objects}
    69146    0.041    0.000    0.041    0.000 {method 'getLabeledAtoms' of 'rmgpy.molecule.molecule.Molecule' objects}
     5228    0.040    0.000    0.040    0.000 {method 'findSubgraphIsomorphisms' of 'rmgpy.molecule.molecule.Molecule' objects}
     5721    0.038    0.000    0.038    0.000 {method 'reduce' of 'numpy.ufunc' objects}
     1504    0.037    0.000    0.037    0.000 {map}
       18    0.035    0.002    0.035    0.002 surfaces.py:576(write_to_png)
    73836    0.034    0.000    0.034    0.000 {method 'getLabeledAtoms' of 'rmgpy.molecule.group.Group' objects}
    20876    0.033    0.000    0.033    0.000 {method 'sort' of 'list' objects}
     1099    0.031    0.000    0.031    0.000 {method 'copy' of 'rmgpy.molecule.molecule.Molecule' objects}
     7951    0.030    0.000    0.030    0.000 {method 'getFormula' of 'rmgpy.molecule.molecule.Molecule' objects}
     9098    0.029    0.000    0.104    0.000 chemkin.py:1262(getSpeciesIdentifier)
        8    0.029    0.004    0.029    0.004 {method 'close' of 'file' objects}
    58216    0.028    0.000    0.032    0.000 {getattr}
     9238    0.027    0.000    0.706    0.000 runtime.py:233(call)
     4233    0.027    0.000    0.042    0.000 collections.py:121(values)
    48411    0.027    0.000    0.027    0.000 {method 'isMappingValid' of 'rmgpy.molecule.graph.Graph' objects}
       18    0.025    0.001    0.025    0.001 {method 'getSymmetryNumber' of 'rmgpy.molecule.molecule.Molecule' objects}


================================================================================
                     Profiling Data for Job Initialization                      
================================================================================
         1 function calls in 0.000 seconds

   Ordered by: internal time

   ncalls  tottime  percall  cumtime  percall filename:lineno(function)
        1    0.000    0.000    0.000    0.000 {method 'disable' of '_lsprof.Profiler' objects}


================================================================================
                        Profiling Data for Iteration 12                         
================================================================================
         2752220 function calls (2709183 primitive calls) in 4.714 seconds

   Ordered by: internal time
   List reduced from 1785 to 25 due to restriction <25>

   ncalls  tottime  percall  cumtime  percall filename:lineno(function)
     3070    0.318    0.000    0.565    0.000 adjlist.py:717(toAdjacencyList)
   103967    0.301    0.000    0.301    0.000 {method 'isSubgraphIsomorphic' of 'rmgpy.molecule.molecule.Molecule' objects}
        2    0.237    0.119    0.237    0.119 {matplotlib._png.write_png}
   355132    0.211    0.000    0.211    0.000 {method 'format' of 'str' objects}
43365/38260    0.171    0.000    0.492    0.000 base.py:889(matchNodeToStructure)
     6830    0.155    0.000    0.473    0.000 base.py:1260(isMoleculeForbidden)
        1    0.140    0.140    0.839    0.839 {method 'simulate' of 'rmgpy.solver.base.ReactionSystem' objects}
   259584    0.100    0.000    0.101    0.000 {isinstance}
       51    0.099    0.002    0.099    0.002 {method 'getSymmetryNumber' of 'rmgpy.molecule.molecule.Molecule' objects}
       35    0.082    0.002    0.082    0.002 surfaces.py:576(write_to_png)
   122370    0.076    0.000    0.076    0.000 {method 'getLabeledAtoms' of 'rmgpy.molecule.molecule.Molecule' objects}
      178    0.076    0.000    0.076    0.000 {method 'toSMILES' of 'rmgpy.molecule.molecule.Molecule' objects}
   134530    0.058    0.000    0.058    0.000 {method 'getLabeledAtoms' of 'rmgpy.molecule.group.Group' objects}
     2024    0.055    0.000    0.055    0.000 {method 'copy' of 'rmgpy.molecule.molecule.Molecule' objects}
     8015    0.054    0.000    0.054    0.000 {method 'reduce' of 'numpy.ufunc' objects}
     1916    0.050    0.000    0.050    0.000 {map}
     1790    0.048    0.000    0.048    0.000 {method 'update' of 'rmgpy.molecule.molecule.Molecule' objects}
     6933    0.045    0.000    0.072    0.000 collections.py:121(values)
      389    0.045    0.000    0.045    0.000 {method 'generateResonanceIsomers' of 'rmgpy.molecule.molecule.Molecule' objects}
    28069    0.043    0.000    0.045    0.000 {method 'sort' of 'list' objects}
    10383    0.041    0.000    0.041    0.000 {method 'getFormula' of 'rmgpy.molecule.molecule.Molecule' objects}
     6156    0.039    0.000    0.039    0.000 {method 'findSubgraphIsomorphisms' of 'rmgpy.molecule.molecule.Molecule' objects}
     9996    0.039    0.000    0.039    0.000 {method 'isIsomorphic' of 'rmgpy.molecule.molecule.Molecule' objects}
5341/1960    0.038    0.000    0.532    0.000 base.py:970(descendTree)
    11578    0.037    0.000    0.135    0.000 chemkin.py:1262(getSpeciesIdentifier)


================================================================================
                     Profiling Data for Job Initialization                      
================================================================================
         1 function calls in 0.000 seconds

   Ordered by: internal time

   ncalls  tottime  percall  cumtime  percall filename:lineno(function)
        1    0.000    0.000    0.000    0.000 {method 'disable' of '_lsprof.Profiler' objects}


================================================================================
                        Profiling Data for Iteration 13                         
================================================================================
         6274601 function calls (6196801 primitive calls) in 10.778 seconds

   Ordered by: internal time
   List reduced from 1768 to 25 due to restriction <25>

   ncalls  tottime  percall  cumtime  percall filename:lineno(function)
   338131    0.920    0.000    0.920    0.000 {method 'isSubgraphIsomorphic' of 'rmgpy.molecule.molecule.Molecule' objects}
     6498    0.776    0.000    0.776    0.000 {method 'copy' of 'rmgpy.molecule.molecule.Molecule' objects}
     5023    0.576    0.000    1.025    0.000 adjlist.py:717(toAdjacencyList)
    23794    0.499    0.000    1.564    0.000 base.py:1260(isMoleculeForbidden)
116263/99188    0.422    0.000    1.263    0.000 base.py:889(matchNodeToStructure)
   646153    0.384    0.000    0.385    0.000 {method 'format' of 'str' objects}
        2    0.239    0.120    0.239    0.120 {matplotlib._png.write_png}
   403495    0.231    0.000    0.231    0.000 {method 'getLabeledAtoms' of 'rmgpy.molecule.molecule.Molecule' objects}
      100    0.230    0.002    0.231    0.002 surfaces.py:576(write_to_png)
     1270    0.222    0.000    0.222    0.000 {method 'generateResonanceIsomers' of 'rmgpy.molecule.molecule.Molecule' objects}
      107    0.211    0.002    0.211    0.002 {method 'getSymmetryNumber' of 'rmgpy.molecule.molecule.Molecule' objects}
   581874    0.209    0.000    0.210    0.000 {isinstance}
   432092    0.170    0.000    0.170    0.000 {method 'getLabeledAtoms' of 'rmgpy.molecule.group.Group' objects}
      343    0.162    0.000    0.162    0.000 {method 'toSMILES' of 'rmgpy.molecule.molecule.Molecule' objects}
     6249    0.146    0.000    0.146    0.000 {method 'update' of 'rmgpy.molecule.molecule.Molecule' objects}
    24153    0.145    0.000    0.229    0.000 collections.py:121(values)
    35203    0.138    0.000    0.138    0.000 {method 'isIsomorphic' of 'rmgpy.molecule.molecule.Molecule' objects}
        1    0.127    0.127    0.817    0.817 {method 'simulate' of 'rmgpy.solver.base.ReactionSystem' objects}
   277658    0.115    0.000    0.115    0.000 {method 'isMappingValid' of 'rmgpy.molecule.graph.Graph' objects}
    12355    0.102    0.000    1.703    0.000 family.py:1226(isMoleculeForbidden)
     1291    0.100    0.000    0.100    0.000 {method 'isCyclic' of 'rmgpy.molecule.graph.Graph' objects}
     1520    0.095    0.000    0.257    0.000 {rmgpy.thermo.wilhoit.Wilhoit_to_NASA_TintOpt_objFun}
    14968    0.093    0.000    0.093    0.000 {method 'findSubgraphIsomorphisms' of 'rmgpy.molecule.molecule.Molecule' objects}
13785/4960    0.089    0.000    1.358    0.000 base.py:970(descendTree)
     3140    0.089    0.000    0.089    0.000 {map}


================================================================================
                     Profiling Data for Job Initialization                      
================================================================================
         1 function calls in 0.000 seconds

   Ordered by: internal time

   ncalls  tottime  percall  cumtime  percall filename:lineno(function)
        1    0.000    0.000    0.000    0.000 {method 'disable' of '_lsprof.Profiler' objects}


================================================================================
                        Profiling Data for Iteration 14                         
================================================================================
         4216924 function calls (4164799 primitive calls) in 6.805 seconds

   Ordered by: internal time
   List reduced from 1760 to 25 due to restriction <25>

   ncalls  tottime  percall  cumtime  percall filename:lineno(function)
     6016    0.689    0.000    1.228    0.000 adjlist.py:717(toAdjacencyList)
   773430    0.445    0.000    0.446    0.000 {method 'format' of 'str' objects}
   136745    0.377    0.000    0.377    0.000 {method 'isSubgraphIsomorphic' of 'rmgpy.molecule.molecule.Molecule' objects}
        2    0.238    0.119    0.238    0.119 {matplotlib._png.write_png}
53183/44798    0.211    0.000    0.606    0.000 base.py:889(matchNodeToStructure)
     9152    0.209    0.000    0.624    0.000 base.py:1260(isMoleculeForbidden)
        1    0.173    0.173    0.842    0.842 {method 'simulate' of 'rmgpy.solver.base.ReactionSystem' objects}
      341    0.164    0.000    0.164    0.000 {method 'toSMILES' of 'rmgpy.molecule.molecule.Molecule' objects}
   331119    0.124    0.000    0.125    0.000 {isinstance}
       49    0.110    0.002    0.111    0.002 surfaces.py:576(write_to_png)
     3762    0.107    0.000    0.107    0.000 {map}
    61627    0.097    0.000    0.098    0.000 {method 'sort' of 'list' objects}
   161567    0.097    0.000    0.097    0.000 {method 'getLabeledAtoms' of 'rmgpy.molecule.molecule.Molecule' objects}
    21145    0.085    0.000    0.085    0.000 {method 'getFormula' of 'rmgpy.molecule.molecule.Molecule' objects}
      584    0.085    0.000    0.085    0.000 {method 'split' of '_sre.SRE_Pattern' objects}
       51    0.084    0.002    0.084    0.002 {method 'getSymmetryNumber' of 'rmgpy.molecule.molecule.Molecule' objects}
        8    0.078    0.010    0.078    0.010 {method 'close' of 'file' objects}
    22621    0.074    0.000    0.272    0.000 chemkin.py:1262(getSpeciesIdentifier)
   174729    0.074    0.000    0.074    0.000 {method 'getLabeledAtoms' of 'rmgpy.molecule.group.Group' objects}
     2585    0.071    0.000    0.071    0.000 {method 'copy' of 'rmgpy.molecule.molecule.Molecule' objects}
    23316    0.069    0.000    1.998    0.000 runtime.py:233(call)
      692    0.065    0.000    0.065    0.000 {method 'generateResonanceIsomers' of 'rmgpy.molecule.molecule.Molecule' objects}
     8830    0.060    0.000    0.060    0.000 {method 'reduce' of 'numpy.ufunc' objects}
    71958    0.059    0.000    0.059    0.000 {hasattr}
     9309    0.058    0.000    0.092    0.000 collections.py:121(values)


================================================================================
                     Profiling Data for Job Initialization                      
================================================================================
         1 function calls in 0.000 seconds

   Ordered by: internal time

   ncalls  tottime  percall  cumtime  percall filename:lineno(function)
        1    0.000    0.000    0.000    0.000 {method 'disable' of '_lsprof.Profiler' objects}


================================================================================
                        Profiling Data for Iteration 15                         
================================================================================
         3649647 function calls (3609714 primitive calls) in 5.775 seconds

   Ordered by: internal time
   List reduced from 1757 to 25 due to restriction <25>

   ncalls  tottime  percall  cumtime  percall filename:lineno(function)
     6547    0.746    0.000    1.328    0.000 adjlist.py:717(toAdjacencyList)
   842688    0.471    0.000    0.471    0.000 {method 'format' of 'str' objects}
        2    0.238    0.119    0.238    0.119 {matplotlib._png.write_png}
    88967    0.214    0.000    0.214    0.000 {method 'isSubgraphIsomorphic' of 'rmgpy.molecule.molecule.Molecule' objects}
        1    0.213    0.213    0.940    0.940 {method 'simulate' of 'rmgpy.solver.base.ReactionSystem' objects}
      332    0.159    0.000    0.159    0.000 {method 'toSMILES' of 'rmgpy.molecule.molecule.Molecule' objects}
     6960    0.154    0.000    0.466    0.000 base.py:1260(isMoleculeForbidden)
     4094    0.115    0.000    0.115    0.000 {map}
    67284    0.106    0.000    0.107    0.000 {method 'sort' of 'list' objects}
22852/18971    0.095    0.000    0.267    0.000 base.py:889(matchNodeToStructure)
      625    0.092    0.000    0.092    0.000 {method 'split' of '_sre.SRE_Pattern' objects}
    22748    0.091    0.000    0.091    0.000 {method 'getFormula' of 'rmgpy.molecule.molecule.Molecule' objects}
   218458    0.084    0.000    0.085    0.000 {isinstance}
    24625    0.079    0.000    0.292    0.000 chemkin.py:1262(getSpeciesIdentifier)
    25313    0.074    0.000    2.155    0.000 runtime.py:233(call)
        8    0.068    0.008    0.068    0.008 {method 'close' of 'file' objects}
   107655    0.063    0.000    0.063    0.000 {method 'getLabeledAtoms' of 'rmgpy.molecule.molecule.Molecule' objects}
    77291    0.063    0.000    0.063    0.000 {hasattr}
     7797    0.052    0.000    0.052    0.000 {method 'reduce' of 'numpy.ufunc' objects}
   104433    0.052    0.000    0.057    0.000 {getattr}
   112806    0.047    0.000    0.047    0.000 {method 'getLabeledAtoms' of 'rmgpy.molecule.group.Group' objects}
       21    0.047    0.002    0.047    0.002 {method 'getSymmetryNumber' of 'rmgpy.molecule.molecule.Molecule' objects}
     1751    0.046    0.000    0.046    0.000 {method 'copy' of 'rmgpy.molecule.molecule.Molecule' objects}
       20    0.044    0.002    0.044    0.002 surfaces.py:576(write_to_png)
      625    0.044    0.000    0.065    0.000 textwrap.py:243(_wrap_chunks)


================================================================================
                     Profiling Data for Job Initialization                      
================================================================================
         1 function calls in 0.000 seconds

   Ordered by: internal time

   ncalls  tottime  percall  cumtime  percall filename:lineno(function)
        1    0.000    0.000    0.000    0.000 {method 'disable' of '_lsprof.Profiler' objects}


================================================================================
                        Profiling Data for Iteration 16                         
================================================================================
         4478139 function calls (4426284 primitive calls) in 7.104 seconds

   Ordered by: internal time
   List reduced from 1771 to 25 due to restriction <25>

   ncalls  tottime  percall  cumtime  percall filename:lineno(function)
     7492    0.831    0.000    1.484    0.000 adjlist.py:717(toAdjacencyList)
   955535    0.535    0.000    0.535    0.000 {method 'format' of 'str' objects}
   111926    0.246    0.000    0.246    0.000 {method 'isSubgraphIsomorphic' of 'rmgpy.molecule.molecule.Molecule' objects}
        2    0.238    0.119    0.238    0.119 {matplotlib._png.write_png}
        1    0.234    0.234    0.946    0.946 {method 'simulate' of 'rmgpy.solver.base.ReactionSystem' objects}
      406    0.189    0.000    0.189    0.000 {method 'toSMILES' of 'rmgpy.molecule.molecule.Molecule' objects}
     7632    0.174    0.000    0.510    0.000 base.py:1260(isMoleculeForbidden)
43815/36273    0.170    0.000    0.435    0.000 base.py:889(matchNodeToStructure)
     4685    0.130    0.000    0.130    0.000 {map}
   310717    0.118    0.000    0.119    0.000 {isinstance}
    76172    0.117    0.000    0.119    0.000 {method 'sort' of 'list' objects}
    11302    0.115    0.000    2.545    0.000 <template>:5(root)
      719    0.106    0.000    0.106    0.000 {method 'split' of '_sre.SRE_Pattern' objects}
       47    0.101    0.002    0.101    0.002 surfaces.py:576(write_to_png)
    25370    0.100    0.000    0.100    0.000 {method 'getFormula' of 'rmgpy.molecule.molecule.Molecule' objects}
    28155    0.089    0.000    0.326    0.000 chemkin.py:1262(getSpeciesIdentifier)
    28980    0.083    0.000    2.414    0.000 runtime.py:233(call)
   133178    0.075    0.000    0.075    0.000 {method 'getLabeledAtoms' of 'rmgpy.molecule.molecule.Molecule' objects}
        8    0.075    0.009    0.075    0.009 {method 'close' of 'file' objects}
       50    0.073    0.001    0.073    0.001 {method 'getSymmetryNumber' of 'rmgpy.molecule.molecule.Molecule' objects}
    88824    0.073    0.000    0.073    0.000 {hasattr}
     9646    0.066    0.000    0.066    0.000 {method 'reduce' of 'numpy.ufunc' objects}
   146297    0.061    0.000    0.061    0.000 {method 'getLabeledAtoms' of 'rmgpy.molecule.group.Group' objects}
   117883    0.060    0.000    0.067    0.000 {getattr}
      125    0.055    0.000    0.055    0.000 chemkin.py:1653(markDuplicateReaction)


================================================================================
                     Profiling Data for Job Initialization                      
================================================================================
         1 function calls in 0.000 seconds

   Ordered by: internal time

   ncalls  tottime  percall  cumtime  percall filename:lineno(function)
        1    0.000    0.000    0.000    0.000 {method 'disable' of '_lsprof.Profiler' objects}


================================================================================
                        Profiling Data for Iteration 17                         
================================================================================
         4581787 function calls (4534799 primitive calls) in 7.012 seconds

   Ordered by: internal time
   List reduced from 1758 to 25 due to restriction <25>

   ncalls  tottime  percall  cumtime  percall filename:lineno(function)
     8351    0.912    0.000    1.628    0.000 adjlist.py:717(toAdjacencyList)
  1054445    0.585    0.000    0.586    0.000 {method 'format' of 'str' objects}
        1    0.265    0.265    1.007    1.007 {method 'simulate' of 'rmgpy.solver.base.ReactionSystem' objects}
        2    0.238    0.119    0.238    0.119 {matplotlib._png.write_png}
   119164    0.237    0.000    0.237    0.000 {method 'isSubgraphIsomorphic' of 'rmgpy.molecule.molecule.Molecule' objects}
     9675    0.212    0.000    0.634    0.000 base.py:1260(isMoleculeForbidden)
      411    0.193    0.000    0.193    0.000 {method 'toSMILES' of 'rmgpy.molecule.molecule.Molecule' objects}
     5222    0.141    0.000    0.141    0.000 {map}
    84142    0.128    0.000    0.129    0.000 {method 'sort' of 'list' objects}
30236/23435    0.122    0.000    0.305    0.000 base.py:889(matchNodeToStructure)
      772    0.113    0.000    0.113    0.000 {method 'split' of '_sre.SRE_Pattern' objects}
    28391    0.112    0.000    0.112    0.000 {method 'getFormula' of 'rmgpy.molecule.molecule.Molecule' objects}
   269886    0.103    0.000    0.104    0.000 {isinstance}
    31475    0.099    0.000    0.363    0.000 chemkin.py:1262(getSpeciesIdentifier)
        8    0.093    0.012    0.093    0.012 {method 'close' of 'file' objects}
    32144    0.090    0.000    2.649    0.000 runtime.py:233(call)
   145338    0.081    0.000    0.081    0.000 {method 'getLabeledAtoms' of 'rmgpy.molecule.molecule.Molecule' objects}
    98174    0.078    0.000    0.078    0.000 {hasattr}
   154898    0.064    0.000    0.064    0.000 {method 'getLabeledAtoms' of 'rmgpy.molecule.group.Group' objects}
   124808    0.062    0.000    0.068    0.000 {getattr}
      121    0.062    0.001    0.062    0.001 chemkin.py:1653(markDuplicateReaction)
     9815    0.062    0.000    0.098    0.000 collections.py:121(values)
     2469    0.060    0.000    0.060    0.000 {method 'copy' of 'rmgpy.molecule.molecule.Molecule' objects}
     8776    0.059    0.000    0.059    0.000 {method 'reduce' of 'numpy.ufunc' objects}
      772    0.055    0.000    0.081    0.000 textwrap.py:243(_wrap_chunks)


================================================================================
                     Profiling Data for Job Initialization                      
================================================================================
         1 function calls in 0.000 seconds

   Ordered by: internal time

   ncalls  tottime  percall  cumtime  percall filename:lineno(function)
        1    0.000    0.000    0.000    0.000 {method 'disable' of '_lsprof.Profiler' objects}


================================================================================
                        Profiling Data for Iteration 18                         
================================================================================
         6469244 function calls (6403285 primitive calls) in 10.892 seconds

   Ordered by: internal time
   List reduced from 1760 to 25 due to restriction <25>

   ncalls  tottime  percall  cumtime  percall filename:lineno(function)
     9916    1.072    0.000    1.906    0.000 adjlist.py:717(toAdjacencyList)
        8    0.799    0.100    0.799    0.100 {method 'close' of 'file' objects}
  1259041    0.690    0.000    0.691    0.000 {method 'format' of 'str' objects}
   202466    0.544    0.000    0.544    0.000 {method 'isSubgraphIsomorphic' of 'rmgpy.molecule.molecule.Molecule' objects}
83668/71887    0.306    0.000    0.875    0.000 base.py:889(matchNodeToStructure)
    13225    0.299    0.000    0.899    0.000 base.py:1260(isMoleculeForbidden)
      555    0.256    0.000    0.256    0.000 {method 'toSMILES' of 'rmgpy.molecule.molecule.Molecule' objects}
        1    0.250    0.250    0.985    0.985 {method 'simulate' of 'rmgpy.solver.base.ReactionSystem' objects}
        2    0.239    0.120    0.239    0.120 {matplotlib._png.write_png}
       85    0.208    0.002    0.209    0.002 surfaces.py:576(write_to_png)
   485283    0.180    0.000    0.181    0.000 {isinstance}
     6203    0.164    0.000    0.164    0.000 {map}
   100290    0.150    0.000    0.151    0.000 {method 'sort' of 'list' objects}
    14797    0.146    0.000    3.240    0.000 <template>:5(root)
      943    0.142    0.000    0.142    0.000 {method 'split' of '_sre.SRE_Pattern' objects}
    34365    0.136    0.000    0.136    0.000 {method 'getFormula' of 'rmgpy.molecule.molecule.Molecule' objects}
   237403    0.135    0.000    0.135    0.000 {method 'getLabeledAtoms' of 'rmgpy.molecule.molecule.Molecule' objects}
       88    0.131    0.001    0.131    0.001 {method 'getSymmetryNumber' of 'rmgpy.molecule.molecule.Molecule' objects}
      216    0.125    0.001    0.125    0.001 chemkin.py:1653(markDuplicateReaction)
    37425    0.119    0.000    0.436    0.000 chemkin.py:1262(getSpeciesIdentifier)
   258537    0.107    0.000    0.107    0.000 {method 'getLabeledAtoms' of 'rmgpy.molecule.group.Group' objects}
    38311    0.106    0.000    3.112    0.000 runtime.py:233(call)
      859    0.096    0.000    0.096    0.000 {method 'generateResonanceIsomers' of 'rmgpy.molecule.molecule.Molecule' objects}
     3779    0.095    0.000    0.095    0.000 {method 'copy' of 'rmgpy.molecule.molecule.Molecule' objects}
   117771    0.092    0.000    0.092    0.000 {hasattr}


================================================================================
                     Profiling Data for Job Initialization                      
================================================================================
         1 function calls in 0.000 seconds

   Ordered by: internal time

   ncalls  tottime  percall  cumtime  percall filename:lineno(function)
        1    0.000    0.000    0.000    0.000 {method 'disable' of '_lsprof.Profiler' objects}


================================================================================
                        Profiling Data for Iteration 19                         
================================================================================
         5980025 function calls (5926694 primitive calls) in 9.196 seconds

   Ordered by: internal time
   List reduced from 1770 to 25 due to restriction <25>

   ncalls  tottime  percall  cumtime  percall filename:lineno(function)
    10889    1.159    0.000    2.067    0.000 adjlist.py:717(toAdjacencyList)
  1374397    0.743    0.000    0.744    0.000 {method 'format' of 'str' objects}
   150176    0.312    0.000    0.312    0.000 {method 'isSubgraphIsomorphic' of 'rmgpy.molecule.molecule.Molecule' objects}
        1    0.305    0.305    1.034    1.034 {method 'simulate' of 'rmgpy.solver.base.ReactionSystem' objects}
      584    0.268    0.000    0.268    0.000 {method 'toSMILES' of 'rmgpy.molecule.molecule.Molecule' objects}
    10570    0.241    0.000    0.711    0.000 base.py:1260(isMoleculeForbidden)
        2    0.238    0.119    0.238    0.119 {matplotlib._png.write_png}
51193/43063    0.188    0.000    0.484    0.000 base.py:889(matchNodeToStructure)
     6811    0.178    0.000    0.178    0.000 {map}
   109538    0.163    0.000    0.164    0.000 {method 'sort' of 'list' objects}
    16252    0.157    0.000    3.503    0.000 <template>:5(root)
     1058    0.157    0.000    0.157    0.000 {method 'split' of '_sre.SRE_Pattern' objects}
    37815    0.147    0.000    0.147    0.000 {method 'getFormula' of 'rmgpy.molecule.molecule.Molecule' objects}
   371180    0.139    0.000    0.140    0.000 {isinstance}
    41185    0.128    0.000    0.471    0.000 chemkin.py:1262(getSpeciesIdentifier)
       57    0.125    0.002    0.125    0.002 surfaces.py:576(write_to_png)
    42167    0.115    0.000    3.378    0.000 runtime.py:233(call)
        8    0.103    0.013    0.103    0.013 {method 'close' of 'file' objects}
   180134    0.101    0.000    0.101    0.000 {method 'getLabeledAtoms' of 'rmgpy.molecule.molecule.Molecule' objects}
   128539    0.100    0.000    0.100    0.000 {hasattr}
      137    0.091    0.001    0.091    0.001 chemkin.py:1653(markDuplicateReaction)
       59    0.084    0.001    0.084    0.001 {method 'getSymmetryNumber' of 'rmgpy.molecule.molecule.Molecule' objects}
   195563    0.079    0.000    0.079    0.000 {method 'getLabeledAtoms' of 'rmgpy.molecule.group.Group' objects}
   155937    0.078    0.000    0.086    0.000 {getattr}
     1058    0.075    0.000    0.112    0.000 textwrap.py:243(_wrap_chunks)


================================================================================
                     Profiling Data for Job Initialization                      
================================================================================
         1 function calls in 0.000 seconds

   Ordered by: internal time

   ncalls  tottime  percall  cumtime  percall filename:lineno(function)
        1    0.000    0.000    0.000    0.000 {method 'disable' of '_lsprof.Profiler' objects}


================================================================================
                        Profiling Data for Iteration 20                         
================================================================================
         10826204 function calls (10717037 primitive calls) in 16.736 seconds

   Ordered by: internal time
   List reduced from 1764 to 25 due to restriction <25>

   ncalls  tottime  percall  cumtime  percall filename:lineno(function)
    13490    1.415    0.000    2.523    0.000 adjlist.py:717(toAdjacencyList)
  1682786    0.932    0.000    0.934    0.000 {method 'format' of 'str' objects}
   395508    0.858    0.000    0.858    0.000 {method 'isSubgraphIsomorphic' of 'rmgpy.molecule.molecule.Molecule' objects}
     7250    0.830    0.000    0.830    0.000 {method 'copy' of 'rmgpy.molecule.molecule.Molecule' objects}
195539/169946    0.665    0.000    1.716    0.000 base.py:889(matchNodeToStructure)
    24324    0.502    0.000    1.482    0.000 base.py:1260(isMoleculeForbidden)
      853    0.378    0.000    0.378    0.000 {method 'toSMILES' of 'rmgpy.molecule.molecule.Molecule' objects}
      163    0.357    0.002    0.358    0.002 surfaces.py:576(write_to_png)
   946972    0.335    0.000    0.338    0.000 {isinstance}
      262    0.317    0.001    0.317    0.001 {method 'getSymmetryNumber' of 'rmgpy.molecule.molecule.Molecule' objects}
        1    0.313    0.313    1.051    1.051 {method 'simulate' of 'rmgpy.solver.base.ReactionSystem' objects}
      362    0.280    0.001    0.280    0.001 chemkin.py:1653(markDuplicateReaction)
     1850    0.254    0.000    0.254    0.000 {method 'generateResonanceIsomers' of 'rmgpy.molecule.molecule.Molecule' objects}
        2    0.243    0.122    0.243    0.122 {matplotlib._png.write_png}
   457203    0.230    0.000    0.230    0.000 {method 'getLabeledAtoms' of 'rmgpy.molecule.molecule.Molecule' objects}
     8438    0.220    0.000    0.220    0.000 {map}
    24883    0.215    0.000    0.347    0.000 collections.py:121(values)
    20249    0.211    0.000    4.366    0.000 <template>:5(root)
     1391    0.206    0.000    0.206    0.000 {method 'split' of '_sre.SRE_Pattern' objects}
   518349    0.202    0.000    0.202    0.000 {method 'getLabeledAtoms' of 'rmgpy.molecule.group.Group' objects}
   133369    0.199    0.000    0.201    0.000 {method 'sort' of 'list' objects}
    47974    0.190    0.000    0.190    0.000 {method 'getFormula' of 'rmgpy.molecule.molecule.Molecule' objects}
    51217    0.162    0.000    0.594    0.000 chemkin.py:1262(getSpeciesIdentifier)
     2550    0.159    0.000    0.433    0.000 {rmgpy.thermo.wilhoit.Wilhoit_to_NASA_TintOpt_objFun}
     7098    0.157    0.000    0.157    0.000 {method 'update' of 'rmgpy.molecule.molecule.Molecule' objects}


================================================================================
                     Profiling Data for Job Initialization                      
================================================================================
         1 function calls in 0.000 seconds

   Ordered by: internal time

   ncalls  tottime  percall  cumtime  percall filename:lineno(function)
        1    0.000    0.000    0.000    0.000 {method 'disable' of '_lsprof.Profiler' objects}


================================================================================
                        Profiling Data for Iteration 21                         
================================================================================
         9892222 function calls (9801218 primitive calls) in 15.512 seconds

   Ordered by: internal time
   List reduced from 1772 to 25 due to restriction <25>

   ncalls  tottime  percall  cumtime  percall filename:lineno(function)
    15855    1.650    0.000    2.907    0.000 adjlist.py:717(toAdjacencyList)
  1994164    1.040    0.000    1.041    0.000 {method 'format' of 'str' objects}
   298601    0.742    0.000    0.742    0.000 {method 'isSubgraphIsomorphic' of 'rmgpy.molecule.molecule.Molecule' objects}
126745/109364    0.473    0.000    1.220    0.000 base.py:889(matchNodeToStructure)
    19988    0.437    0.000    1.377    0.000 base.py:1260(isMoleculeForbidden)
      926    0.424    0.000    0.424    0.000 {method 'toSMILES' of 'rmgpy.molecule.molecule.Molecule' objects}
        1    0.360    0.360    1.083    1.083 {method 'simulate' of 'rmgpy.solver.base.ReactionSystem' objects}
      118    0.320    0.003    0.321    0.003 surfaces.py:576(write_to_png)
      137    0.293    0.002    0.293    0.002 {method 'getSymmetryNumber' of 'rmgpy.molecule.molecule.Molecule' objects}
      299    0.276    0.001    0.276    0.001 chemkin.py:1653(markDuplicateReaction)
   699940    0.266    0.000    0.268    0.000 {isinstance}
     9918    0.256    0.000    0.256    0.000 {map}
     1622    0.249    0.000    0.249    0.000 {method 'split' of '_sre.SRE_Pattern' objects}
    24082    0.244    0.000    5.066    0.000 <template>:5(root)
        2    0.239    0.119    0.239    0.119 {matplotlib._png.write_png}
   158528    0.228    0.000    0.230    0.000 {method 'sort' of 'list' objects}
    55991    0.216    0.000    0.216    0.000 {method 'getFormula' of 'rmgpy.molecule.molecule.Molecule' objects}
   348682    0.204    0.000    0.204    0.000 {method 'getLabeledAtoms' of 'rmgpy.molecule.molecule.Molecule' objects}
    59862    0.187    0.000    0.684    0.000 chemkin.py:1262(getSpeciesIdentifier)
    61780    0.169    0.000    4.835    0.000 runtime.py:233(call)
     5525    0.161    0.000    0.161    0.000 {method 'update' of 'rmgpy.molecule.molecule.Molecule' objects}
        8    0.160    0.020    0.160    0.020 {method 'close' of 'file' objects}
   390730    0.159    0.000    0.159    0.000 {method 'getLabeledAtoms' of 'rmgpy.molecule.group.Group' objects}
     5647    0.158    0.000    0.158    0.000 {method 'copy' of 'rmgpy.molecule.molecule.Molecule' objects}
   189076    0.145    0.000    0.145    0.000 {hasattr}


================================================================================
                     Profiling Data for Job Initialization                      
================================================================================
         1 function calls in 0.000 seconds

   Ordered by: internal time

   ncalls  tottime  percall  cumtime  percall filename:lineno(function)
        1    0.000    0.000    0.000    0.000 {method 'disable' of '_lsprof.Profiler' objects}


================================================================================
                        Profiling Data for Iteration 22                         
================================================================================
         11521688 function calls (11424457 primitive calls) in 18.901 seconds

   Ordered by: internal time
   List reduced from 1773 to 25 due to restriction <25>

   ncalls  tottime  percall  cumtime  percall filename:lineno(function)
    18440    1.949    0.000    3.446    0.000 adjlist.py:717(toAdjacencyList)
  2383785    1.239    0.000    1.241    0.000 {method 'format' of 'str' objects}
   361018    1.067    0.000    1.067    0.000 {method 'isSubgraphIsomorphic' of 'rmgpy.molecule.molecule.Molecule' objects}
    24044    0.588    0.000    1.905    0.000 base.py:1260(isMoleculeForbidden)
144236/124763    0.552    0.000    1.518    0.000 base.py:889(matchNodeToStructure)
     1058    0.525    0.000    0.525    0.000 {method 'toSMILES' of 'rmgpy.molecule.molecule.Molecule' objects}
        1    0.485    0.485    1.295    1.295 {method 'simulate' of 'rmgpy.solver.base.ReactionSystem' objects}
        8    0.369    0.046    0.369    0.046 {method 'close' of 'file' objects}
      327    0.353    0.001    0.353    0.001 chemkin.py:1653(markDuplicateReaction)
      125    0.333    0.003    0.335    0.003 surfaces.py:576(write_to_png)
      140    0.326    0.002    0.326    0.002 {method 'getSymmetryNumber' of 'rmgpy.molecule.molecule.Molecule' objects}
   789399    0.306    0.000    0.308    0.000 {isinstance}
    11536    0.302    0.000    0.302    0.000 {map}
     1875    0.299    0.000    0.299    0.000 {method 'split' of '_sre.SRE_Pattern' objects}
   425072    0.286    0.000    0.286    0.000 {method 'getLabeledAtoms' of 'rmgpy.molecule.molecule.Molecule' objects}
    28253    0.284    0.000    6.015    0.000 <template>:5(root)
   189809    0.272    0.000    0.275    0.000 {method 'sort' of 'list' objects}
    65166    0.254    0.000    0.254    0.000 {method 'getFormula' of 'rmgpy.molecule.molecule.Molecule' objects}
        2    0.241    0.121    0.241    0.121 {matplotlib._png.write_png}
     6677    0.228    0.000    0.228    0.000 {method 'copy' of 'rmgpy.molecule.molecule.Molecule' objects}
    69302    0.215    0.000    0.794    0.000 chemkin.py:1262(getSpeciesIdentifier)
     6563    0.213    0.000    0.213    0.000 {method 'update' of 'rmgpy.molecule.molecule.Molecule' objects}
     1452    0.207    0.000    0.207    0.000 {method 'generateResonanceIsomers' of 'rmgpy.molecule.molecule.Molecule' objects}
   463676    0.202    0.000    0.202    0.000 {method 'getLabeledAtoms' of 'rmgpy.molecule.group.Group' objects}
    71784    0.196    0.000    5.696    0.000 runtime.py:233(call)


================================================================================
                     Profiling Data for Job Initialization                      
================================================================================
         1 function calls in 0.000 seconds

   Ordered by: internal time

   ncalls  tottime  percall  cumtime  percall filename:lineno(function)
        1    0.000    0.000    0.000    0.000 {method 'disable' of '_lsprof.Profiler' objects}


================================================================================
                        Profiling Data for Iteration 23                         
================================================================================
         10908498 function calls (10829943 primitive calls) in 16.414 seconds

   Ordered by: internal time
   List reduced from 1772 to 25 due to restriction <25>

   ncalls  tottime  percall  cumtime  percall filename:lineno(function)
    20501    2.289    0.000    4.049    0.000 adjlist.py:717(toAdjacencyList)
  2663514    1.427    0.000    1.429    0.000 {method 'format' of 'str' objects}
   316075    0.923    0.000    0.923    0.000 {method 'isSubgraphIsomorphic' of 'rmgpy.molecule.molecule.Molecule' objects}
    24816    0.556    0.000    1.795    0.000 base.py:1260(isMoleculeForbidden)
     1033    0.481    0.000    0.481    0.000 {method 'toSMILES' of 'rmgpy.molecule.molecule.Molecule' objects}
        1    0.460    0.460    1.235    1.235 {method 'simulate' of 'rmgpy.solver.base.ReactionSystem' objects}
      259    0.361    0.001    0.361    0.001 chemkin.py:1653(markDuplicateReaction)
    12824    0.359    0.000    0.359    0.000 {map}
   212513    0.321    0.000    0.323    0.000 {method 'sort' of 'list' objects}
86865/70726    0.319    0.000    0.984    0.000 base.py:889(matchNodeToStructure)
     1986    0.309    0.000    0.309    0.000 {method 'split' of '_sre.SRE_Pattern' objects}
    71919    0.284    0.000    0.284    0.000 {method 'getFormula' of 'rmgpy.molecule.molecule.Molecule' objects}
    76671    0.243    0.000    0.898    0.000 chemkin.py:1262(getSpeciesIdentifier)
        2    0.237    0.119    0.237    0.119 {matplotlib._png.write_png}
   382343    0.232    0.000    0.232    0.000 {method 'getLabeledAtoms' of 'rmgpy.molecule.molecule.Molecule' objects}
   594011    0.224    0.000    0.226    0.000 {isinstance}
    79242    0.224    0.000    6.618    0.000 runtime.py:233(call)
        8    0.206    0.026    0.206    0.026 {method 'close' of 'file' objects}
     6346    0.192    0.000    0.192    0.000 {method 'copy' of 'rmgpy.molecule.molecule.Molecule' objects}
   240779    0.192    0.000    0.192    0.000 {hasattr}
     6195    0.171    0.000    0.171    0.000 {method 'update' of 'rmgpy.molecule.molecule.Molecule' objects}
   410836    0.167    0.000    0.167    0.000 {method 'getLabeledAtoms' of 'rmgpy.molecule.group.Group' objects}
    25178    0.159    0.000    0.248    0.000 collections.py:121(values)
     1976    0.152    0.000    0.227    0.000 textwrap.py:243(_wrap_chunks)
     1163    0.140    0.000    0.140    0.000 {method 'generateResonanceIsomers' of 'rmgpy.molecule.molecule.Molecule' objects}


================================================================================
                     Profiling Data for Job Initialization                      
================================================================================
         1 function calls in 0.000 seconds

   Ordered by: internal time

   ncalls  tottime  percall  cumtime  percall filename:lineno(function)
        1    0.000    0.000    0.000    0.000 {method 'disable' of '_lsprof.Profiler' objects}


================================================================================
                        Profiling Data for Iteration 24                         
================================================================================
         16585498 function calls (16460580 primitive calls) in 27.427 seconds

   Ordered by: internal time
   List reduced from 1770 to 25 due to restriction <25>

   ncalls  tottime  percall  cumtime  percall filename:lineno(function)
    24172    2.671    0.000    4.729    0.000 adjlist.py:717(toAdjacencyList)
   585995    2.154    0.000    2.154    0.000 {method 'isSubgraphIsomorphic' of 'rmgpy.molecule.molecule.Molecule' objects}
  3284520    1.682    0.000    1.685    0.000 {method 'format' of 'str' objects}
    10535    1.215    0.000    1.215    0.000 {method 'copy' of 'rmgpy.molecule.molecule.Molecule' objects}
240798/213456    0.868    0.000    2.809    0.000 base.py:889(matchNodeToStructure)
    38300    0.857    0.000    2.896    0.000 base.py:1260(isMoleculeForbidden)
      465    0.736    0.002    0.736    0.002 chemkin.py:1653(markDuplicateReaction)
     1373    0.682    0.000    0.682    0.000 {method 'toSMILES' of 'rmgpy.molecule.molecule.Molecule' objects}
      195    0.580    0.003    0.582    0.003 surfaces.py:576(write_to_png)
      212    0.532    0.003    0.532    0.003 {method 'getSymmetryNumber' of 'rmgpy.molecule.molecule.Molecule' objects}
   683956    0.450    0.000    0.450    0.000 {method 'getLabeledAtoms' of 'rmgpy.molecule.molecule.Molecule' objects}
        1    0.447    0.447    1.216    1.216 {method 'simulate' of 'rmgpy.solver.base.ReactionSystem' objects}
  1196002    0.443    0.000    0.446    0.000 {isinstance}
    15123    0.418    0.000    0.418    0.000 {map}
     2369    0.395    0.000    0.395    0.000 {method 'split' of '_sre.SRE_Pattern' objects}
   261641    0.381    0.000    0.383    0.000 {method 'sort' of 'list' objects}
    37344    0.374    0.000    8.217    0.000 <template>:5(root)
     1832    0.350    0.000    0.350    0.000 {method 'generateResonanceIsomers' of 'rmgpy.molecule.molecule.Molecule' objects}
    85595    0.330    0.000    0.330    0.000 {method 'getFormula' of 'rmgpy.molecule.molecule.Molecule' objects}
   742149    0.306    0.000    0.306    0.000 {method 'getLabeledAtoms' of 'rmgpy.molecule.group.Group' objects}
    10456    0.304    0.000    0.304    0.000 {method 'update' of 'rmgpy.molecule.molecule.Molecule' objects}
    90128    0.281    0.000    1.035    0.000 chemkin.py:1262(getSpeciesIdentifier)
    93636    0.251    0.000    7.707    0.000 runtime.py:233(call)
    38880    0.245    0.000    0.381    0.000 collections.py:121(values)
        2    0.242    0.121    0.242    0.121 {matplotlib._png.write_png}


================================================================================
                     Profiling Data for Job Initialization                      
================================================================================
         1 function calls in 0.000 seconds

   Ordered by: internal time

   ncalls  tottime  percall  cumtime  percall filename:lineno(function)
        1    0.000    0.000    0.000    0.000 {method 'disable' of '_lsprof.Profiler' objects}


================================================================================
                        Profiling Data for Iteration 25                         
================================================================================
         41919536 function calls (41606787 primitive calls) in 70.699 seconds

   Ordered by: internal time
   List reduced from 1772 to 25 due to restriction <25>

   ncalls  tottime  percall  cumtime  percall filename:lineno(function)
  2021599    7.097    0.000    7.097    0.000 {method 'isSubgraphIsomorphic' of 'rmgpy.molecule.molecule.Molecule' objects}
    32157    4.004    0.000    7.151    0.000 adjlist.py:717(toAdjacencyList)
     6948    3.691    0.001    3.691    0.001 {method 'generateResonanceIsomers' of 'rmgpy.molecule.molecule.Molecule' objects}
      825    3.445    0.004    3.445    0.004 {method 'getSymmetryNumber' of 'rmgpy.molecule.molecule.Molecule' objects}
981741/889063    3.411    0.000   10.319    0.000 base.py:889(matchNodeToStructure)
  4901294    2.628    0.000    2.636    0.000 {method 'format' of 'str' objects}
   122446    2.614    0.000    9.111    0.000 base.py:1260(isMoleculeForbidden)
    34758    2.201    0.000    2.201    0.000 {method 'copy' of 'rmgpy.molecule.molecule.Molecule' objects}
     1008    1.999    0.002    1.999    0.002 chemkin.py:1653(markDuplicateReaction)
  2354799    1.637    0.000    1.637    0.000 {method 'getLabeledAtoms' of 'rmgpy.molecule.molecule.Molecule' objects}
      464    1.497    0.003    1.502    0.003 surfaces.py:576(write_to_png)
     6693    1.484    0.000    1.484    0.000 {method 'isCyclic' of 'rmgpy.molecule.graph.Graph' objects}
  3877744    1.419    0.000    1.425    0.000 {isinstance}
   125007    1.335    0.000    2.138    0.000 collections.py:121(values)
     2106    1.209    0.001    1.209    0.001 {method 'toSMILES' of 'rmgpy.molecule.molecule.Molecule' objects}
    34487    1.196    0.000    1.196    0.000 {method 'update' of 'rmgpy.molecule.molecule.Molecule' objects}
   303505    1.087    0.000    1.087    0.000 {method 'isIsomorphic' of 'rmgpy.molecule.molecule.Molecule' objects}
  2634532    1.031    0.000    1.031    0.000 {method 'getLabeledAtoms' of 'rmgpy.molecule.group.Group' objects}
  4373037    0.813    0.000    0.813    0.000 collections.py:90(__iter__)
123001/45684    0.805    0.000   11.179    0.000 base.py:970(descendTree)
      928    0.736    0.001    0.736    0.001 {method 'generateResonanceIsomers' of 'rmgpy.species.Species' objects}
    17104    0.627    0.000    0.627    0.000 {method 'split' of 'rmgpy.molecule.molecule.Molecule' objects}
    20122    0.626    0.000    0.626    0.000 {map}
     3326    0.603    0.000    0.603    0.000 {method 'split' of '_sre.SRE_Pattern' objects}
   388716    0.594    0.000    0.596    0.000 {method 'sort' of 'list' objects}


================================================================================
                     Profiling Data for Job Initialization                      
================================================================================
         1 function calls in 0.000 seconds

   Ordered by: internal time

   ncalls  tottime  percall  cumtime  percall filename:lineno(function)
        1    0.000    0.000    0.000    0.000 {method 'disable' of '_lsprof.Profiler' objects}


================================================================================
                        Profiling Data for Iteration 26                         
================================================================================
         32370944 function calls (32153855 primitive calls) in 53.119 seconds

   Ordered by: internal time
   List reduced from 1769 to 25 due to restriction <25>

   ncalls  tottime  percall  cumtime  percall filename:lineno(function)
    38468    4.980    0.000    8.915    0.000 adjlist.py:717(toAdjacencyList)
  1380340    4.571    0.000    4.571    0.000 {method 'isSubgraphIsomorphic' of 'rmgpy.molecule.molecule.Molecule' objects}
  5999162    3.177    0.000    3.183    0.000 {method 'format' of 'str' objects}
     4766    2.380    0.000    2.380    0.000 {method 'generateResonanceIsomers' of 'rmgpy.molecule.molecule.Molecule' objects}
    95686    1.963    0.000    6.672    0.000 base.py:1260(isMoleculeForbidden)
476982/414037    1.749    0.000    5.610    0.000 base.py:889(matchNodeToStructure)
      798    1.736    0.002    1.736    0.002 chemkin.py:1653(markDuplicateReaction)
      369    1.326    0.004    1.326    0.004 {method 'getSymmetryNumber' of 'rmgpy.molecule.molecule.Molecule' objects}
     2290    1.261    0.001    1.261    0.001 {method 'toSMILES' of 'rmgpy.molecule.molecule.Molecule' objects}
  1638958    1.050    0.000    1.050    0.000 {method 'getLabeledAtoms' of 'rmgpy.molecule.molecule.Molecule' objects}
      324    0.910    0.003    0.913    0.003 surfaces.py:576(write_to_png)
    25847    0.904    0.000    0.904    0.000 {method 'copy' of 'rmgpy.molecule.molecule.Molecule' objects}
  2240996    0.829    0.000    0.833    0.000 {isinstance}
    24074    0.773    0.000    0.773    0.000 {map}
        1    0.767    0.767    1.581    1.581 {method 'simulate' of 'rmgpy.solver.base.ReactionSystem' objects}
   479589    0.750    0.000    0.753    0.000 {method 'sort' of 'list' objects}
     3955    0.735    0.000    0.735    0.000 {method 'split' of '_sre.SRE_Pattern' objects}
    25520    0.720    0.000    0.720    0.000 {method 'update' of 'rmgpy.molecule.molecule.Molecule' objects}
     4466    0.680    0.000    0.680    0.000 {method 'isCyclic' of 'rmgpy.molecule.graph.Graph' objects}
  1752186    0.661    0.000    0.661    0.000 {method 'getLabeledAtoms' of 'rmgpy.molecule.group.Group' objects}
    60959    0.631    0.000   15.040    0.000 <template>:5(root)
   182070    0.606    0.000    0.606    0.000 {method 'isIsomorphic' of 'rmgpy.molecule.molecule.Molecule' objects}
    96933    0.600    0.000    0.938    0.000 collections.py:121(values)
   137888    0.565    0.000    0.565    0.000 {method 'getFormula' of 'rmgpy.molecule.molecule.Molecule' objects}
   142549    0.466    0.000    1.712    0.000 chemkin.py:1262(getSpeciesIdentifier)


================================================================================
                     Profiling Data for Job Initialization                      
================================================================================
         1 function calls in 0.000 seconds

   Ordered by: internal time

   ncalls  tottime  percall  cumtime  percall filename:lineno(function)
        1    0.000    0.000    0.000    0.000 {method 'disable' of '_lsprof.Profiler' objects}


================================================================================
                        Profiling Data for Iteration 27                         
================================================================================
         14989233 function calls (14971082 primitive calls) in 19.626 seconds

   Ordered by: internal time
   List reduced from 1415 to 25 due to restriction <25>

   ncalls  tottime  percall  cumtime  percall filename:lineno(function)
    38468    4.736    0.000    8.418    0.000 adjlist.py:717(toAdjacencyList)
  5950359    2.896    0.000    2.896    0.000 {method 'format' of 'str' objects}
     1966    1.056    0.001    1.056    0.001 {method 'toSMILES' of 'rmgpy.molecule.molecule.Molecule' objects}
        1    0.824    0.824    1.609    1.609 {method 'simulate' of 'rmgpy.solver.base.ReactionSystem' objects}
    24074    0.734    0.000    0.734    0.000 {map}
     3955    0.730    0.000    0.730    0.000 {method 'split' of '_sre.SRE_Pattern' objects}
   477265    0.704    0.000    0.706    0.000 {method 'sort' of 'list' objects}
   135661    0.538    0.000    0.538    0.000 {method 'getFormula' of 'rmgpy.molecule.molecule.Molecule' objects}
   142550    0.453    0.000    1.672    0.000 chemkin.py:1262(getSpeciesIdentifier)
   149948    0.391    0.000   13.291    0.000 runtime.py:233(call)
        8    0.386    0.048    0.386    0.048 {method 'close' of 'file' objects}
     3955    0.355    0.000    0.527    0.000 textwrap.py:243(_wrap_chunks)
   450192    0.335    0.000    0.335    0.000 {hasattr}
    79491    0.263    0.000    0.263    0.000 {method 'join' of 'str' objects}
        2    0.240    0.120    0.240    0.120 {matplotlib._png.write_png}
    19218    0.229    0.000    5.058    0.000 {method 'getURL' of 'rmgpy.molecule.molecule.Molecule' objects}
    14888    0.223    0.000    1.455    0.000 chemkin.py:1462(writeKineticsEntry)
     1983    0.214    0.000    0.214    0.000 {posix.stat}
  2994121    0.213    0.000    0.213    0.000 {len}
   450186    0.211    0.000    0.220    0.000 {getattr}
   150408    0.206    0.000    0.206    0.000 re.py:230(_compile)
     4856    0.205    0.000    4.052    0.001 {method 'getURL' of 'rmgpy.reaction.Reaction' objects}
   144503    0.192    0.000    0.192    0.000 {method 'search' of '_sre.SRE_Pattern' objects}
     4856    0.169    0.000    0.169    0.000 {method 'toHTML' of 'rmgpy.kinetics.model.KineticsModel' objects}
     3996    0.149    0.000    1.038    0.000 chemkin.py:1325(writeThermoEntry)


================================================================================
                     Profiling Data for Job Post-Processing                     
================================================================================
         694 function calls in 0.001 seconds

   Ordered by: internal time
   List reduced from 50 to 25 due to restriction <25>

   ncalls  tottime  percall  cumtime  percall filename:lineno(function)
        7    0.000    0.000    0.000    0.000 __init__.py:237(__init__)
       14    0.000    0.000    0.000    0.000 {method 'flush' of 'file' objects}
       28    0.000    0.000    0.000    0.000 threading.py:147(acquire)
       28    0.000    0.000    0.000    0.000 threading.py:187(release)
       14    0.000    0.000    0.000    0.000 __init__.py:452(format)
       14    0.000    0.000    0.000    0.000 __init__.py:849(emit)
       14    0.000    0.000    0.000    0.000 __init__.py:838(flush)
        7    0.000    0.000    0.000    0.000 __init__.py:1233(findCaller)
       14    0.000    0.000    0.000    0.000 __init__.py:746(handle)
       28    0.000    0.000    0.000    0.000 __init__.py:703(acquire)
        7    0.000    0.000    0.001    0.000 __init__.py:1157(info)
        7    0.000    0.000    0.000    0.000 __init__.py:1320(callHandlers)
        1    0.000    0.000    0.000    0.000 {time.asctime}
       28    0.000    0.000    0.000    0.000 __init__.py:710(release)
        7    0.000    0.000    0.001    0.000 __init__.py:1267(_log)
        7    0.000    0.000    0.001    0.000 __init__.py:1623(info)
       28    0.000    0.000    0.000    0.000 {isinstance}
        7    0.000    0.000    0.000    0.000 genericpath.py:93(_splitext)
       56    0.000    0.000    0.000    0.000 threading.py:64(_note)
       14    0.000    0.000    0.000    0.000 __init__.py:446(usesTime)
       70    0.000    0.000    0.000    0.000 {thread.get_ident}
        7    0.000    0.000    0.000    0.000 __init__.py:1288(handle)
        7    0.000    0.000    0.000    0.000 __init__.py:148(getLevelName)
       21    0.000    0.000    0.000    0.000 __init__.py:607(filter)
       14    0.000    0.000    0.000    0.000 __init__.py:312(getMessage)


