[2018-02-27 17:48:25,898] launcher  INFO    SCOOP 0.7 2.0 on linux2 using Python 2.7.13 |Continuum Analytics, Inc.| (default, Dec 20 2016, 23:09:15) [GCC 4.4.7 20120313 (Red Hat 4.4.7-1)], API: 1013
[2018-02-27 17:48:25,898] launcher  INFO    Detected SLURM environment.
[2018-02-27 17:48:25,898] launcher  INFO    Deploying 32 worker(s) over 1 host(s).
[2018-02-27 17:48:25,898] launcher  DEBUG   Using hostname/ip: "node01" as external broker reference.
[2018-02-27 17:48:25,898] launcher  DEBUG   The python executable to execute the program with is: /data1/ajocher/codes/RMG/miniconda2/envs/rmg_parallel_env/bin/python.
[2018-02-27 17:48:25,898] launcher  INFO    Worker d--istribution: 
[2018-02-27 17:48:25,898] launcher  INFO       node01:	31 + origin
[2018-02-27 17:48:25,966] brokerLaunch (127.0.0.1:37585) DEBUG   Local broker launched on ports 37585, 45548.
[2018-02-27 17:48:25,966] launcher  (127.0.0.1:37585) DEBUG   Initialising local origin worker 32 [node01].
[2018-02-27 17:48:25,966] launcher  (127.0.0.1:37585) DEBUG   node01: Launching 'env PYTHONPATH=:/data1/ajocher/codes/RMG/RMG_parallel/RMG-Py:/data1/ajocher/codes/RMG/RMG_parallel/RMG-database/::/data1/ajocher/codes/RMG/RMG_parallel/RMG-Py:/data1/ajocher/codes/RMG/RMG_parallel/RMG-database/ /data1/ajocher/codes/RMG/miniconda2/envs/rmg_parallel_env/bin/python -m scoop.launch.__main__ 32 2 --size 32 --workingDirectory /data1/ajocher/codes/RMG/RMG_parallel/RMG-Py/examples/rmg/minimal/scaling_node01/NWorkers_32 --brokerHostname 127.0.0.1 --externalBrokerHostname node01 --taskPort 37585 --metaPort 45548 --origin --backend=ZMQ -vv ../../../../../rmg.py input.py'
Removing old /data1/ajocher/codes/RMG/RMG_parallel/RMG-Py/examples/rmg/minimal/scaling_node01/NWorkers_32/RMG_backup.log
Moving /data1/ajocher/codes/RMG/RMG_parallel/RMG-Py/examples/rmg/minimal/scaling_node01/NWorkers_32/RMG.log to /data1/ajocher/codes/RMG/RMG_parallel/RMG-Py/examples/rmg/minimal/scaling_node01/NWorkers_32/RMG_backup.log

Global RMG Settings:
   database.directory   = /data1/ajocher/codes/RMG/RMG_parallel/RMG-database/input (Default, relative to RMG-Py source code)
RMG execution initiated at Tue Feb 27 17:48:32 2018

#########################################################
# RMG-Py - Reaction Mechanism Generator in Python       #
# Version: 2.0.0                                        #
# Authors: RMG Developers (rmg_dev@mit.edu)             #
# P.I.s:   William H. Green (whgreen@mit.edu)           #
#          Richard H. West (r.west@neu.edu)             #
# Website: http://reactionmechanismgenerator.github.io/ #
#########################################################

The current git HEAD for RMG-Py is:
	4bee0e28ac97257f43b27e244684a03ea38d0a5f
	Mon Feb 26 15:44:45 2018 -0500

The current git HEAD for RMG-database is:
	282488238f69b2c76e22fb6cc8cc6eafe26d9948
	Mon Feb 26 15:52:50 2018 -0500

Reading input file "/data1/ajocher/codes/RMG/RMG_parallel/RMG-Py/examples/rmg/minimal/scaling_node01/NWorkers_32/input.py"...
# Data sources
database(
    thermoLibraries = ['primaryThermoLibrary'],
    reactionLibraries = [],
    seedMechanisms = [],
    kineticsDepositories = ['training'],
    kineticsFamilies = 'default',
    kineticsEstimator = 'rate rules',
)

# List of species
species(
    label='ethane',
    reactive=True,
    structure=SMILES("CC"),
)

# Reaction systems
simpleReactor(
    temperature=(1350,'K'),
    pressure=(1.0,'bar'),
    initialMoleFractions={
        "ethane": 1.0,
    },
    terminationConversion={
        'ethane': 0.9,
    },
    terminationTime=(1e6,'s'),
)

simulator(
    atol=1e-16,
    rtol=1e-8,
)

model(
    toleranceKeepInEdge=0.0,
    toleranceMoveToCore=0.1,
    toleranceInterruptSimulation=0.1,
    maximumEdgeSpecies=100000,
)

options(
    units='si',
    saveRestartPeriod=None,
    generateOutputHTML=True,
    generatePlots=False,
    saveEdgeSpecies=True,
    saveSimulationProfiles=True,
)

Warning: Generate Output HTML option was turned on. Note that this will slow down model generation.
Warning: Edge species saving was turned on. This will slow down model generation for large simulations.
[2018-02-27 17:48:33,231] shared    (192.168.2.1:49703)         Sending global variables ['speciesConstraints']...
[2018-02-27 17:48:33,331] shared    (192.168.2.1:49703)         Sending global variables ['speciesConstraints']...
[2018-02-27 17:48:33,533] shared    (192.168.2.1:49703)         Sending global variables ['quantumMechanics']...
[2018-02-27 17:48:33,634] shared    (192.168.2.1:49703)         Sending global variables ['quantumMechanics']...

Loading thermodynamics library from primaryThermoLibrary.py in /data1/ajocher/codes/RMG/RMG_parallel/RMG-database/input/thermo/libraries...
Loading thermodynamics group database from /data1/ajocher/codes/RMG/RMG_parallel/RMG-database/input/thermo/groups...
[2018-02-27 17:48:35,092] shared    (192.168.2.1:49703)         Sending global variables ['thermo']...
[2018-02-27 17:48:35,917] shared    (192.168.2.1:49703)         Sending global variables ['thermo']...
Loading transport library from PrimaryTransportLibrary.py in /data1/ajocher/codes/RMG/RMG_parallel/RMG-database/input/transport/libraries...
Loading transport library from GRI-Mech.py in /data1/ajocher/codes/RMG/RMG_parallel/RMG-database/input/transport/libraries...
Loading transport group database from /data1/ajocher/codes/RMG/RMG_parallel/RMG-database/input/transport/groups...
[2018-02-27 17:48:41,407] shared    (192.168.2.1:49703)         Sending global variables ['transport']...
[2018-02-27 17:48:41,519] shared    (192.168.2.1:49703)         Sending global variables ['transport']...
[2018-02-27 17:48:41,767] shared    (192.168.2.1:49703)         Sending global variables ['forbidden']...
[2018-02-27 17:48:41,869] shared    (192.168.2.1:49703)         Sending global variables ['forbidden']...
Loading default kinetics families from /data1/ajocher/codes/RMG/RMG_parallel/RMG-database/input/kinetics/families
[2018-02-27 17:48:45,505] shared    (192.168.2.1:49703)         Sending global variables ['kinetics']...
[2018-02-27 17:48:47,432] shared    (192.168.2.1:49703)         Sending global variables ['kinetics']...
Loading frequencies group database from /data1/ajocher/codes/RMG/RMG_parallel/RMG-database/input/statmech/groups...
[2018-02-27 17:48:57,718] shared    (192.168.2.1:49703)         Sending global variables ['statmech']...
[2018-02-27 17:48:57,823] shared    (192.168.2.1:49703)         Sending global variables ['statmech']...
Loading Platts additivity group database from /data1/ajocher/codes/RMG/RMG_parallel/RMG-database/input/solvation/groups...
[2018-02-27 17:48:58,497] shared    (192.168.2.1:49703)         Sending global variables ['solvation']...
[2018-02-27 17:48:58,663] shared    (192.168.2.1:49703)         Sending global variables ['solvation']...
Adding rate rules from training set in kinetics families...
Filling in rate rules in kinetics families by averaging...
NOT generating reactions for unreactive species Ar
Generating kinetics for new reactions...

Summary of Model Enlargement
---------------------------------
Added 1 new core species
    Ar
Created 0 new edge species
Added 0 new core reactions
Created 0 new edge reactions

After model enlargement:
    The model core has 1 species and 0 reactions
    The model edge has 1 species and 0 reactions


NOT generating reactions for unreactive species He
Generating kinetics for new reactions...

Summary of Model Enlargement
---------------------------------
Added 1 new core species
    He
Created 0 new edge species
Added 0 new core reactions
Created 0 new edge reactions

After model enlargement:
    The model core has 2 species and 0 reactions
    The model edge has 1 species and 0 reactions


NOT generating reactions for unreactive species Ne
Generating kinetics for new reactions...

Summary of Model Enlargement
---------------------------------
Added 1 new core species
    Ne
Created 0 new edge species
Added 0 new core reactions
Created 0 new edge reactions

After model enlargement:
    The model core has 3 species and 0 reactions
    The model edge has 1 species and 0 reactions


NOT generating reactions for unreactive species N2
Generating kinetics for new reactions...

Summary of Model Enlargement
---------------------------------
Added 1 new core species
    N2
Created 0 new edge species
Added 0 new core reactions
Created 0 new edge reactions

After model enlargement:
    The model core has 4 species and 0 reactions
    The model edge has 1 species and 0 reactions


Adding species ethane(1) to model core
Generating kinetics for new reactions...

Summary of Model Enlargement
---------------------------------
Added 1 new core species
    ethane(1)
Created 0 new edge species
Added 0 new core reactions
Created 0 new edge reactions

After model enlargement:
    The model core has 5 species and 0 reactions
    The model edge has 0 species and 0 reactions


Generating kinetics for new reactions...

Summary of Secondary Model Edge Enlargement
---------------------------------
Added 0 new core species
Created 5 new edge species
    [CH2](2)
    C(3)
    [CH3](4)
    C[CH2](5)
    [H](6)
Added 0 new core reactions
Created 3 new edge reactions
    [CH2](2) + C(3) <=> ethane(1)
    [CH3](4) + [CH3](4) <=> ethane(1)
    C[CH2](5) + [H](6) <=> ethane(1)

After model enlargement:
    The model core has 5 species and 0 reactions
    The model edge has 5 species and 3 reactions


Completed initial enlarge edge step...
Saving current model core to Chemkin file...
Chemkin file contains 0 reactions.
Saving current model to verbose Chemkin file...
Chemkin file contains 0 reactions.
Saving current model core and edge to Chemkin file...
Chemkin file contains 3 reactions.
Saving current core and edge to verbose Chemkin file...
Chemkin file contains 3 reactions.
Saving current model core to HTML file...
Saving current model edge to HTML file...
Updating RMG execution statistics...
    Execution time (DD:HH:MM:SS): 00:00:01:06
    Memory used: 491.47 MB

Conducting simulation of reaction system 1...
At time 1.0000e-15 s, species [CH3](4) exceeded the minimum rate for moving to model core
    Characteristic rate: 0.0000e+00 mol/m^3*s
    [CH3](4) rate: 3.5853e+03 mol/m^3*s
    ethane(1) conversion: 0         
At time 1.0000e-15 s, species [CH3](4) exceeded the minimum rate for simulation interruption
    Characteristic rate: 0.0000e+00 mol/m^3*s
    [CH3](4) rate: 3.5853e+03 mol/m^3*s
    ethane(1) conversion: 0         


Adding species [CH3](4) to model core
Generating kinetics for new reactions...

Summary of Model Enlargement
---------------------------------
Added 1 new core species
    [CH3](4)
Created 0 new edge species
Moved 1 reactions from edge to core
    [CH3](4) + [CH3](4) <=> ethane(1)
Added 0 new core reactions
Created 0 new edge reactions

After model enlargement:
    The model core has 6 species and 1 reactions
    The model edge has 4 species and 2 reactions


Generating kinetics for new reactions...

Summary of Secondary Model Edge Enlargement
---------------------------------
Added 0 new core species
Created 1 new edge species
    [CH2](7)
Added 0 new core reactions
Created 2 new edge reactions
    [CH3](4) + ethane(1) <=> C(3) + C[CH2](5)
    [CH2](7) + C(3) <=> [CH3](4) + [CH3](4)

After model enlargement:
    The model core has 6 species and 1 reactions
    The model edge has 5 species and 4 reactions


Saving current model core to Chemkin file...
Chemkin file contains 1 reactions.
Saving current model to verbose Chemkin file...
Chemkin file contains 1 reactions.
Saving current model core and edge to Chemkin file...
Chemkin file contains 5 reactions.
Saving current core and edge to verbose Chemkin file...
Chemkin file contains 5 reactions.
Saving current model core to HTML file...
Saving current model edge to HTML file...
Updating RMG execution statistics...
    Execution time (DD:HH:MM:SS): 00:00:01:07
    Memory used: 492.26 MB

Conducting simulation of reaction system 1...
At time 6.5878e-07 s, species C[CH2](5) exceeded the minimum rate for moving to model core
    Characteristic rate: 3.7272e+03 mol/m^3*s
    C[CH2](5) rate: 3.8981e+02 mol/m^3*s (0.1046)
    ethane(1) conversion: 0.0001294 
At time 6.5878e-07 s, species C[CH2](5) exceeded the minimum rate for simulation interruption
    Characteristic rate: 3.7272e+03 mol/m^3*s
    C[CH2](5) rate: 3.8981e+02 mol/m^3*s (0.1046)
    ethane(1) conversion: 0.0001294 


Adding species C[CH2](5) to model core
Generating kinetics for new reactions...

Summary of Model Enlargement
---------------------------------
Added 1 new core species
    C[CH2](5)
Created 0 new edge species
Added 0 new core reactions
Created 0 new edge reactions

After model enlargement:
    The model core has 7 species and 1 reactions
    The model edge has 4 species and 4 reactions


Generating kinetics for new reactions...

Summary of Secondary Model Edge Enlargement
---------------------------------
Added 0 new core species
Created 4 new edge species
    C=C(8)
    [CH2][CH2](9)
    CCC(10)
    CCCC(11)
Added 0 new core reactions
Created 7 new edge reactions
    C=C(8) + [H](6) <=> C[CH2](5)
    [CH2][CH2](9) + [H](6) <=> C[CH2](5)
    [CH3](4) + C[CH2](5) <=> C=C(8) + C(3)
    [CH2](7) + ethane(1) <=> [CH3](4) + C[CH2](5)
    [CH3](4) + C[CH2](5) <=> CCC(10)
    C[CH2](5) + C[CH2](5) <=> C=C(8) + ethane(1)
    C[CH2](5) + C[CH2](5) <=> CCCC(11)

After model enlargement:
    The model core has 7 species and 1 reactions
    The model edge has 8 species and 11 reactions


Saving current model core to Chemkin file...
Chemkin file contains 1 reactions.
Saving current model to verbose Chemkin file...
Chemkin file contains 1 reactions.
Saving current model core and edge to Chemkin file...
Chemkin file contains 12 reactions.
Saving current core and edge to verbose Chemkin file...
Chemkin file contains 12 reactions.
Saving current model core to HTML file...
Saving current model edge to HTML file...
Updating RMG execution statistics...
    Execution time (DD:HH:MM:SS): 00:00:01:08
    Memory used: 492.49 MB

Conducting simulation of reaction system 1...
At time 6.7423e-07 s, species C(3) exceeded the minimum rate for moving to model core
    Characteristic rate: 3.7145e+03 mol/m^3*s
    C(3) rate: 3.8733e+02 mol/m^3*s (0.1043)
    ethane(1) conversion: 0.0001323 
At time 6.7423e-07 s, species C(3) exceeded the minimum rate for simulation interruption
    Characteristic rate: 3.7145e+03 mol/m^3*s
    C(3) rate: 3.8733e+02 mol/m^3*s (0.1043)
    ethane(1) conversion: 0.0001323 


Adding species C(3) to model core
Generating kinetics for new reactions...

Summary of Model Enlargement
---------------------------------
Added 1 new core species
    C(3)
Created 0 new edge species
Moved 1 reactions from edge to core
    [CH3](4) + ethane(1) <=> C(3) + C[CH2](5)
Added 0 new core reactions
Created 0 new edge reactions

After model enlargement:
    The model core has 8 species and 2 reactions
    The model edge has 7 species and 10 reactions


Generating kinetics for new reactions...

Summary of Secondary Model Edge Enlargement
---------------------------------
Added 0 new core species
Created 1 new edge species
    [H][H](12)
Added 0 new core reactions
Created 2 new edge reactions
    [H][H](12) + [CH2](2) <=> C(3)
    [CH3](4) + [H](6) <=> C(3)

After model enlargement:
    The model core has 8 species and 2 reactions
    The model edge has 8 species and 12 reactions


Saving current model core to Chemkin file...
Chemkin file contains 2 reactions.
Saving current model to verbose Chemkin file...
Chemkin file contains 2 reactions.
Saving current model core and edge to Chemkin file...
Chemkin file contains 14 reactions.
Saving current core and edge to verbose Chemkin file...
Chemkin file contains 14 reactions.
Saving current model core to HTML file...
Saving current model edge to HTML file...
Updating RMG execution statistics...
    Execution time (DD:HH:MM:SS): 00:00:01:08
    Memory used: 492.50 MB

Conducting simulation of reaction system 1...
At time 2.0020e-07 s, species [H](6) exceeded the minimum rate for moving to model core
    Characteristic rate: 3.9368e+03 mol/m^3*s
    [H](6) rate: 4.4065e+02 mol/m^3*s (0.1119)
    ethane(1) conversion: 4.15e-05  
At time 2.0020e-07 s, species [H](6) exceeded the minimum rate for simulation interruption
    Characteristic rate: 3.9368e+03 mol/m^3*s
    [H](6) rate: 4.4065e+02 mol/m^3*s (0.1119)
    ethane(1) conversion: 4.15e-05  


Adding species [H](6) to model core
Generating kinetics for new reactions...

Summary of Model Enlargement
---------------------------------
Added 1 new core species
    [H](6)
Created 0 new edge species
Moved 2 reactions from edge to core
    C[CH2](5) + [H](6) <=> ethane(1)
    [CH3](4) + [H](6) <=> C(3)
Added 0 new core reactions
Created 0 new edge reactions

After model enlargement:
    The model core has 9 species and 4 reactions
    The model edge has 7 species and 10 reactions


Generating kinetics for new reactions...

Summary of Secondary Model Edge Enlargement
---------------------------------
Added 0 new core species
Created 0 new edge species
Added 0 new core reactions
Created 5 new edge reactions
    [H](6) + ethane(1) <=> [H][H](12) + C[CH2](5)
    [CH2](7) + [H][H](12) <=> [CH3](4) + [H](6)
    C[CH2](5) + [H](6) <=> C=C(8) + [H][H](12)
    C(3) + [H](6) <=> [H][H](12) + [CH3](4)
    [H](6) + [H](6) <=> [H][H](12)

After model enlargement:
    The model core has 9 species and 4 reactions
    The model edge has 7 species and 15 reactions


Saving current model core to Chemkin file...
Chemkin file contains 4 reactions.
Saving current model to verbose Chemkin file...
Chemkin file contains 4 reactions.
Saving current model core and edge to Chemkin file...
Chemkin file contains 19 reactions.
Saving current core and edge to verbose Chemkin file...
Chemkin file contains 19 reactions.
Saving current model core to HTML file...
Saving current model edge to HTML file...
Updating RMG execution statistics...
    Execution time (DD:HH:MM:SS): 00:00:01:09
    Memory used: 492.74 MB

Conducting simulation of reaction system 1...
At time 1.8929e-07 s, species C=C(8) exceeded the minimum rate for moving to model core
    Characteristic rate: 3.9473e+03 mol/m^3*s
    C=C(8) rate: 4.6443e+02 mol/m^3*s (0.1177)
    ethane(1) conversion: 3.943e-05 
At time 1.8929e-07 s, species C=C(8) exceeded the minimum rate for simulation interruption
    Characteristic rate: 3.9473e+03 mol/m^3*s
    C=C(8) rate: 4.6443e+02 mol/m^3*s (0.1177)
    ethane(1) conversion: 3.943e-05 


Adding species C=C(8) to model core
Generating kinetics for new reactions...

Summary of Model Enlargement
---------------------------------
Added 1 new core species
    C=C(8)
Created 0 new edge species
Moved 3 reactions from edge to core
    C=C(8) + [H](6) <=> C[CH2](5)
    [CH3](4) + C[CH2](5) <=> C=C(8) + C(3)
    C[CH2](5) + C[CH2](5) <=> C=C(8) + ethane(1)
Added 0 new core reactions
Created 0 new edge reactions

After model enlargement:
    The model core has 10 species and 7 reactions
    The model edge has 6 species and 12 reactions


Generating kinetics for new reactions...
[2018-02-27 17:49:43,494] scoopzmq  (192.168.2.1:49703) Error:  A worker exited unexpectedly. Read the worker logs for more information. SCOOP pool will now shutdown.
Error: A worker exited unexpectedly. Read the worker logs for more information. SCOOP pool will now shutdown.
[2018-02-27 17:49:43,502] scoopzmq  (192.168.2.1:59810) DEBUG   192.168.2.1:59810: Could not send result directly to peer 192.168.2.1:49703, routing through broker.
[2018-02-27 17:49:44,848] launcher  (127.0.0.1:37585) INFO    Root process is done.
[2018-02-27 17:49:44,874] workerLaunch (127.0.0.1:37585) DEBUG   Closing workers on node01 (32 workers).
[2018-02-27 17:49:44,874] brokerLaunch (127.0.0.1:37585) DEBUG   Closing local broker.
[2018-02-27 17:49:44,874] launcher  (127.0.0.1:37585) INFO    Finished cleaning spawned subprocesses.
