[2018-02-27 18:55:46,602] launcher  INFO    SCOOP 0.7 2.0 on linux2 using Python 2.7.13 |Continuum Analytics, Inc.| (default, Dec 20 2016, 23:09:15) [GCC 4.4.7 20120313 (Red Hat 4.4.7-1)], API: 1013
[2018-02-27 18:55:46,602] launcher  INFO    Detected SLURM environment.
[2018-02-27 18:55:46,602] launcher  INFO    Deploying 60 worker(s) over 1 host(s).
[2018-02-27 18:55:46,602] launcher  DEBUG   Using hostname/ip: "node01" as external broker reference.
[2018-02-27 18:55:46,602] launcher  DEBUG   The python executable to execute the program with is: /data1/ajocher/codes/RMG/miniconda2/envs/rmg_parallel_env/bin/python.
[2018-02-27 18:55:46,603] launcher  INFO    Worker d--istribution: 
[2018-02-27 18:55:46,603] launcher  INFO       node01:	59 + origin
[2018-02-27 18:55:46,728] brokerLaunch (127.0.0.1:44090) DEBUG   Local broker launched on ports 44090, 38037.
[2018-02-27 18:55:46,728] launcher  (127.0.0.1:44090) DEBUG   Initialising local origin worker 60 [node01].
[2018-02-27 18:55:46,728] launcher  (127.0.0.1:44090) DEBUG   node01: Launching 'env PYTHONPATH=:/data1/ajocher/codes/RMG/RMG_parallel/RMG-Py:/data1/ajocher/codes/RMG/RMG_parallel/RMG-database/::/data1/ajocher/codes/RMG/RMG_parallel/RMG-Py:/data1/ajocher/codes/RMG/RMG_parallel/RMG-database/ /data1/ajocher/codes/RMG/miniconda2/envs/rmg_parallel_env/bin/python -m scoop.launch.__main__ 60 2 --size 60 --workingDirectory /data1/ajocher/codes/RMG/RMG_parallel/RMG-Py/examples/rmg/minimal/scaling_node01/NWorkers_60 --brokerHostname 127.0.0.1 --externalBrokerHostname node01 --taskPort 44090 --metaPort 38037 --origin --backend=ZMQ -vv ../../../../../rmg.py input.py'
Removing old /data1/ajocher/codes/RMG/RMG_parallel/RMG-Py/examples/rmg/minimal/scaling_node01/NWorkers_60/RMG_backup.log
Moving /data1/ajocher/codes/RMG/RMG_parallel/RMG-Py/examples/rmg/minimal/scaling_node01/NWorkers_60/RMG.log to /data1/ajocher/codes/RMG/RMG_parallel/RMG-Py/examples/rmg/minimal/scaling_node01/NWorkers_60/RMG_backup.log

Global RMG Settings:
   database.directory   = /data1/ajocher/codes/RMG/RMG_parallel/RMG-database/input (Default, relative to RMG-Py source code)
RMG execution initiated at Tue Feb 27 18:56:55 2018

#########################################################
# RMG-Py - Reaction Mechanism Generator in Python       #
# Version: 2.0.0                                        #
# Authors: RMG Developers (rmg_dev@mit.edu)             #
# P.I.s:   William H. Green (whgreen@mit.edu)           #
#          Richard H. West (r.west@neu.edu)             #
# Website: http://reactionmechanismgenerator.github.io/ #
#########################################################

The current git HEAD for RMG-Py is:
	4bee0e28ac97257f43b27e244684a03ea38d0a5f
	Mon Feb 26 15:44:45 2018 -0500

The current git HEAD for RMG-database is:
	282488238f69b2c76e22fb6cc8cc6eafe26d9948
	Mon Feb 26 15:52:50 2018 -0500

Reading input file "/data1/ajocher/codes/RMG/RMG_parallel/RMG-Py/examples/rmg/minimal/scaling_node01/NWorkers_60/input.py"...
# Data sources
database(
    thermoLibraries = ['primaryThermoLibrary'],
    reactionLibraries = [],
    seedMechanisms = [],
    kineticsDepositories = ['training'],
    kineticsFamilies = 'default',
    kineticsEstimator = 'rate rules',
)

# List of species
species(
    label='ethane',
    reactive=True,
    structure=SMILES("CC"),
)

# Reaction systems
simpleReactor(
    temperature=(1350,'K'),
    pressure=(1.0,'bar'),
    initialMoleFractions={
        "ethane": 1.0,
    },
    terminationConversion={
        'ethane': 0.9,
    },
    terminationTime=(1e6,'s'),
)

simulator(
    atol=1e-16,
    rtol=1e-8,
)

model(
    toleranceKeepInEdge=0.0,
    toleranceMoveToCore=0.1,
    toleranceInterruptSimulation=0.1,
    maximumEdgeSpecies=100000,
)

options(
    units='si',
    saveRestartPeriod=None,
    generateOutputHTML=True,
    generatePlots=False,
    saveEdgeSpecies=True,
    saveSimulationProfiles=True,
)

Warning: Generate Output HTML option was turned on. Note that this will slow down model generation.
Warning: Edge species saving was turned on. This will slow down model generation for large simulations.
[2018-02-27 18:56:56,698] shared    (192.168.2.1:52054)         Sending global variables ['speciesConstraints']...
[2018-02-27 18:56:56,799] shared    (192.168.2.1:52054)         Sending global variables ['speciesConstraints']...
[2018-02-27 18:56:57,002] shared    (192.168.2.1:52054)         Sending global variables ['quantumMechanics']...
[2018-02-27 18:56:57,102] shared    (192.168.2.1:52054)         Sending global variables ['quantumMechanics']...

Loading thermodynamics library from primaryThermoLibrary.py in /data1/ajocher/codes/RMG/RMG_parallel/RMG-database/input/thermo/libraries...
Loading thermodynamics group database from /data1/ajocher/codes/RMG/RMG_parallel/RMG-database/input/thermo/groups...
[2018-02-27 18:56:58,688] shared    (192.168.2.1:52054)         Sending global variables ['thermo']...
[2018-02-27 18:56:59,662] shared    (192.168.2.1:52054)         Sending global variables ['thermo']...
Loading transport library from PrimaryTransportLibrary.py in /data1/ajocher/codes/RMG/RMG_parallel/RMG-database/input/transport/libraries...
Loading transport library from GRI-Mech.py in /data1/ajocher/codes/RMG/RMG_parallel/RMG-database/input/transport/libraries...
Loading transport group database from /data1/ajocher/codes/RMG/RMG_parallel/RMG-database/input/transport/groups...
[2018-02-27 18:57:34,170] shared    (192.168.2.1:52054)         Sending global variables ['transport']...
[2018-02-27 18:57:34,302] shared    (192.168.2.1:52054)         Sending global variables ['transport']...
[2018-02-27 18:57:35,451] shared    (192.168.2.1:52054)         Sending global variables ['forbidden']...
[2018-02-27 18:57:35,558] shared    (192.168.2.1:52054)         Sending global variables ['forbidden']...
Loading default kinetics families from /data1/ajocher/codes/RMG/RMG_parallel/RMG-database/input/kinetics/families
[2018-02-27 18:57:47,634] shared    (192.168.2.1:52054)         Sending global variables ['kinetics']...
[2018-02-27 18:57:50,986] shared    (192.168.2.1:52054)         Sending global variables ['kinetics']...
